#
# A fatal error has been detected by the Java Runtime Environment:
#
#  Internal Error (exceptions.cpp:417), pid=40356, tid=31564
#  fatal error: ExceptionMark destructor expects no pending exceptions
#
# JRE version: Java(TM) SE Runtime Environment (8.0_11-b12) (build 1.8.0_11-b12)
# Java VM: Java HotSpot(TM) 64-Bit Server VM (25.11-b03 mixed mode windows-amd64 compressed oops)
# Failed to write core dump. Minidumps are not enabled by default on client versions of Windows
#
# If you would like to submit a bug report, please visit:
#   http://bugreport.sun.com/bugreport/crash.jsp
#

---------------  T H R E A D  ---------------

Current thread (0x000000001f3b4000):  JavaThread "Thread-7" [_thread_in_vm, id=31564, stack(0x0000000020a70000,0x0000000020b70000)]

Stack: [0x0000000020a70000,0x0000000020b70000]
Native frames: (J=compiled Java code, j=interpreted, Vv=VM code, C=native code)
V  [jvm.dll+0x308eca]
V  [jvm.dll+0x25e121]
V  [jvm.dll+0x25ed33]
V  [jvm.dll+0x256686]
V  [jvm.dll+0x2571db]
V  [jvm.dll+0x1a3126]
V  [jvm.dll+0xa96e1]
C  0x00000000025e46bf

Java frames: (J=compiled Java code, j=interpreted, Vv=VM code)
j  java.net.DualStackPlainDatagramSocketImpl.socketReceiveOrPeekData(ILjava/net/DatagramPacket;IZZ)I+0
j  java.net.DualStackPlainDatagramSocketImpl.receive0(Ljava/net/DatagramPacket;)V+47
j  java.net.AbstractPlainDatagramSocketImpl.receive(Ljava/net/DatagramPacket;)V+2
j  java.net.DatagramSocket.receive(Ljava/net/DatagramPacket;)V+290
j  net.udp.server.UDPServer.run()V+70
v  ~StubRoutines::call_stub

---------------  P R O C E S S  ---------------

Java Threads: ( => current thread )
  0x000000001f3ba000 JavaThread "Prism Font Disposer" daemon [_thread_blocked, id=40120, stack(0x00000000224d0000,0x00000000225d0000)]
  0x000000001f3b6000 JavaThread "DestroyJavaVM" [_thread_blocked, id=40724, stack(0x0000000002200000,0x0000000002300000)]
  0x000000001f3b5800 JavaThread "Thread-6" [_thread_blocked, id=15140, stack(0x0000000020e10000,0x0000000020f10000)]
  0x000000001f3b4800 JavaThread "TimerQueue" daemon [_thread_blocked, id=40268, stack(0x0000000020bb0000,0x0000000020cb0000)]
=>0x000000001f3b4000 JavaThread "Thread-7" [_thread_in_vm, id=31564, stack(0x0000000020a70000,0x0000000020b70000)]
  0x000000001a139000 JavaThread "Thread-4" [_thread_blocked, id=40872, stack(0x000000001e2e0000,0x000000001e3e0000)]
  0x0000000019c08000 JavaThread "Thread-3" daemon [_thread_blocked, id=40488, stack(0x000000001e1e0000,0x000000001e2e0000)]
  0x000000001a050000 JavaThread "JavaFX Application Thread" [_thread_in_native, id=39928, stack(0x000000001c470000,0x000000001c570000)]
  0x0000000019c40000 JavaThread "Thread-2" daemon [_thread_blocked, id=40080, stack(0x000000001c350000,0x000000001c450000)]
  0x0000000019f0b000 JavaThread "QuantumRenderer-0" daemon [_thread_blocked, id=40028, stack(0x000000001bd40000,0x000000001be40000)]
  0x0000000019ea1800 JavaThread "org.netbeans.modules.debugger.jpda.visual AWT Access Loop" daemon [_thread_blocked, id=36764, stack(0x0000000019650000,0x0000000019750000)]
  0x0000000018c64800 JavaThread "AWT-EventQueue-0" [_thread_blocked, id=39552, stack(0x000000001a880000,0x000000001a980000)]
  0x0000000018c2e000 JavaThread "AWT-Windows" daemon [_thread_in_native, id=32636, stack(0x000000001a710000,0x000000001a810000)]
  0x0000000018c2c000 JavaThread "AWT-Shutdown" [_thread_blocked, id=39496, stack(0x000000001a550000,0x000000001a650000)]
  0x0000000019d33800 JavaThread "Java2D Disposer" daemon [_thread_blocked, id=39628, stack(0x000000001a360000,0x000000001a460000)]
  0x0000000018992000 JavaThread "Service Thread" daemon [_thread_blocked, id=39952, stack(0x0000000019750000,0x0000000019850000)]
  0x0000000018926000 JavaThread "C1 CompilerThread2" daemon [_thread_blocked, id=39944, stack(0x0000000019510000,0x0000000019610000)]
  0x0000000018924000 JavaThread "C2 CompilerThread1" daemon [_thread_blocked, id=39776, stack(0x00000000193a0000,0x00000000194a0000)]
  0x000000001891f000 JavaThread "C2 CompilerThread0" daemon [_thread_blocked, id=39940, stack(0x0000000019260000,0x0000000019360000)]
  0x000000001890f000 JavaThread "JDWP Command Reader" daemon [_thread_in_native, id=38480, stack(0x00000000190b0000,0x00000000191b0000)]
  0x000000001890d800 JavaThread "JDWP Event Helper Thread" daemon [_thread_blocked, id=40380, stack(0x0000000018f70000,0x0000000019070000)]
  0x0000000018907800 JavaThread "JDWP Transport Listener: dt_shmem" daemon [_thread_blocked, id=33948, stack(0x0000000018d20000,0x0000000018e20000)]
  0x0000000017336800 JavaThread "Attach Listener" daemon [_thread_blocked, id=40332, stack(0x00000000186e0000,0x00000000187e0000)]
  0x0000000017333800 JavaThread "Signal Dispatcher" daemon [_thread_blocked, id=40552, stack(0x0000000018800000,0x0000000018900000)]
  0x00000000172cf800 JavaThread "Finalizer" daemon [_thread_blocked, id=40832, stack(0x0000000018560000,0x0000000018660000)]
  0x00000000172ca800 JavaThread "Reference Handler" daemon [_thread_blocked, id=40456, stack(0x0000000018280000,0x0000000018380000)]

Other Threads:
  0x00000000172c7000 VMThread [stack: 0x00000000183b0000,0x00000000184b0000] [id=30464]
  0x0000000018994800 WatcherThread [stack: 0x0000000019980000,0x0000000019a80000] [id=32820]

VM state:synchronizing (normal execution)

VM Mutex/Monitor currently owned by a thread:  ([mutex/lock_event])
[0x0000000001fb8880] Threads_lock - owner thread: 0x00000000172c7000

Heap:
 PSYoungGen      total 39936K, used 8191K [0x00000000d5f00000, 0x00000000d9980000, 0x0000000100000000)
  eden space 32768K, 24% used [0x00000000d5f00000,0x00000000d66ffd20,0x00000000d7f00000)
  from space 7168K, 0% used [0x00000000d7f00000,0x00000000d7f00000,0x00000000d8600000)
  to   space 7168K, 0% used [0x00000000d9280000,0x00000000d9280000,0x00000000d9980000)
 ParOldGen       total 19456K, used 12537K [0x0000000081c00000, 0x0000000082f00000, 0x00000000d5f00000)
  object space 19456K, 64% used [0x0000000081c00000,0x000000008283e7a8,0x0000000082f00000)
 Metaspace       used 22357K, capacity 22576K, committed 22912K, reserved 1069056K
  class space    used 3052K, capacity 3110K, committed 3200K, reserved 1048576K

Card table byte_map: [0x0000000011990000,0x0000000011d90000] byte_map_base: 0x0000000011582000

Marking Bits: (ParMarkBitMap*) 0x0000000056eb12b0
 Begin Bits: [0x0000000012620000, 0x00000000145b0000)
 End Bits:   [0x00000000145b0000, 0x0000000016540000)

Polling page: 0x0000000000130000

CodeCache: size=245760Kb used=10752Kb max_used=10763Kb free=235007Kb
 bounds [0x00000000025d0000, 0x0000000003060000, 0x00000000115d0000]
 total_blobs=3897 nmethods=3169 adapters=648
 compilation: enabled

Compilation events (10 events):
Event: 40.506 Thread 0x0000000018924000 3174       4       java.awt.Polygon::<init> (64 bytes)
Event: 40.507 Thread 0x000000001891f000 3175       4       java.awt.Polygon::getPathIterator (11 bytes)
Event: 40.508 Thread 0x000000001891f000 nmethod 3175 0x0000000003045390 code [0x00000000030454e0, 0x00000000030455f8]
Event: 40.511 Thread 0x0000000018924000 nmethod 3174 0x0000000003045d50 code [0x0000000003045ea0, 0x0000000003046438]
Event: 41.206 Thread 0x000000001891f000 3176       4       java.awt.geom.Rectangle2D::getPathIterator (10 bytes)
Event: 41.208 Thread 0x000000001891f000 nmethod 3176 0x00000000030466d0 code [0x0000000003046820, 0x0000000003046998]
Event: 44.406 Thread 0x0000000018924000 3177       4       sun.misc.FloatingDecimal$BinaryToASCIIBuffer::appendTo (72 bytes)
Event: 44.411 Thread 0x0000000018924000 nmethod 3177 0x0000000003047810 code [0x0000000003047980, 0x0000000003047e68]
Event: 44.806 Thread 0x0000000018926000 3178       1       java.awt.geom.ArcIterator::next (11 bytes)
Event: 44.806 Thread 0x0000000018926000 nmethod 3178 0x0000000003045a90 code [0x0000000003045be0, 0x0000000003045cf0]

GC Heap History (10 events):
Event: 2.740 GC heap before
{Heap before GC invocations=13 (full 0):
 PSYoungGen      total 23040K, used 19893K [0x00000000d5f00000, 0x00000000d7700000, 0x0000000100000000)
  eden space 21504K, 87% used [0x00000000d5f00000,0x00000000d71540b8,0x00000000d7400000)
  from space 1536K, 73% used [0x00000000d7580000,0x00000000d76995a0,0x00000000d7700000)
  to   space 1536K, 0% used [0x00000000d7400000,0x00000000d7400000,0x00000000d7580000)
 ParOldGen       total 129536K, used 4026K [0x0000000081c00000, 0x0000000089a80000, 0x00000000d5f00000)
  object space 129536K, 3% used [0x0000000081c00000,0x0000000081fee8c8,0x0000000089a80000)
 Metaspace       used 20877K, capacity 21034K, committed 21248K, reserved 1067008K
  class space    used 2920K, capacity 2981K, committed 3072K, reserved 1048576K
Event: 2.747 GC heap after
Heap after GC invocations=13 (full 0):
 PSYoungGen      total 23040K, used 1524K [0x00000000d5f00000, 0x00000000d8d00000, 0x0000000100000000)
  eden space 21504K, 0% used [0x00000000d5f00000,0x00000000d5f00000,0x00000000d7400000)
  from space 1536K, 99% used [0x00000000d7400000,0x00000000d757d388,0x00000000d7580000)
  to   space 6144K, 0% used [0x00000000d8700000,0x00000000d8700000,0x00000000d8d00000)
 ParOldGen       total 129536K, used 15721K [0x0000000081c00000, 0x0000000089a80000, 0x00000000d5f00000)
  object space 129536K, 12% used [0x0000000081c00000,0x0000000082b5a460,0x0000000089a80000)
 Metaspace       used 20877K, capacity 21034K, committed 21248K, reserved 1067008K
  class space    used 2920K, capacity 2981K, committed 3072K, reserved 1048576K
}
Event: 2.747 GC heap before
{Heap before GC invocations=14 (full 1):
 PSYoungGen      total 23040K, used 1524K [0x00000000d5f00000, 0x00000000d8d00000, 0x0000000100000000)
  eden space 21504K, 0% used [0x00000000d5f00000,0x00000000d5f00000,0x00000000d7400000)
  from space 1536K, 99% used [0x00000000d7400000,0x00000000d757d388,0x00000000d7580000)
  to   space 6144K, 0% used [0x00000000d8700000,0x00000000d8700000,0x00000000d8d00000)
 ParOldGen       total 129536K, used 15721K [0x0000000081c00000, 0x0000000089a80000, 0x00000000d5f00000)
  object space 129536K, 12% used [0x0000000081c00000,0x0000000082b5a460,0x0000000089a80000)
 Metaspace       used 20877K, capacity 21034K, committed 21248K, reserved 1067008K
  class space    used 2920K, capacity 2981K, committed 3072K, reserved 1048576K
Event: 2.773 GC heap after
Heap after GC invocations=14 (full 1):
 PSYoungGen      total 23040K, used 0K [0x00000000d5f00000, 0x00000000d8d00000, 0x0000000100000000)
  eden space 21504K, 0% used [0x00000000d5f00000,0x00000000d5f00000,0x00000000d7400000)
  from space 1536K, 0% used [0x00000000d7400000,0x00000000d7400000,0x00000000d7580000)
  to   space 6144K, 0% used [0x00000000d8700000,0x00000000d8700000,0x00000000d8d00000)
 ParOldGen       total 16384K, used 10012K [0x0000000081c00000, 0x0000000082c00000, 0x00000000d5f00000)
  object space 16384K, 61% used [0x0000000081c00000,0x00000000825c71e0,0x0000000082c00000)
 Metaspace       used 20877K, capacity 21034K, committed 21248K, reserved 1067008K
  class space    used 2920K, capacity 2981K, committed 3072K, reserved 1048576K
}
Event: 3.666 GC heap before
{Heap before GC invocations=15 (full 1):
 PSYoungGen      total 23040K, used 21504K [0x00000000d5f00000, 0x00000000d8d00000, 0x0000000100000000)
  eden space 21504K, 100% used [0x00000000d5f00000,0x00000000d7400000,0x00000000d7400000)
  from space 1536K, 0% used [0x00000000d7400000,0x00000000d7400000,0x00000000d7580000)
  to   space 6144K, 0% used [0x00000000d8700000,0x00000000d8700000,0x00000000d8d00000)
 ParOldGen       total 16384K, used 10012K [0x0000000081c00000, 0x0000000082c00000, 0x00000000d5f00000)
  object space 16384K, 61% used [0x0000000081c00000,0x00000000825c71e0,0x0000000082c00000)
 Metaspace       used 22024K, capacity 22218K, committed 22656K, reserved 1069056K
  class space    used 3018K, capacity 3077K, committed 3200K, reserved 1048576K
Event: 3.670 GC heap after
Heap after GC invocations=15 (full 1):
 PSYoungGen      total 37888K, used 5911K [0x00000000d5f00000, 0x00000000d8d00000, 0x0000000100000000)
  eden space 31744K, 0% used [0x00000000d5f00000,0x00000000d5f00000,0x00000000d7e00000)
  from space 6144K, 96% used [0x00000000d8700000,0x00000000d8cc5d00,0x00000000d8d00000)
  to   space 7168K, 0% used [0x00000000d7f00000,0x00000000d7f00000,0x00000000d8600000)
 ParOldGen       total 16384K, used 10020K [0x0000000081c00000, 0x0000000082c00000, 0x00000000d5f00000)
  object space 16384K, 61% used [0x0000000081c00000,0x00000000825c91e0,0x0000000082c00000)
 Metaspace       used 22024K, capacity 22218K, committed 22656K, reserved 1069056K
  class space    used 3018K, capacity 3077K, committed 3200K, reserved 1048576K
}
Event: 38.211 GC heap before
{Heap before GC invocations=16 (full 1):
 PSYoungGen      total 37888K, used 37655K [0x00000000d5f00000, 0x00000000d8d00000, 0x0000000100000000)
  eden space 31744K, 100% used [0x00000000d5f00000,0x00000000d7e00000,0x00000000d7e00000)
  from space 6144K, 96% used [0x00000000d8700000,0x00000000d8cc5d00,0x00000000d8d00000)
  to   space 7168K, 0% used [0x00000000d7f00000,0x00000000d7f00000,0x00000000d8600000)
 ParOldGen       total 16384K, used 10020K [0x0000000081c00000, 0x0000000082c00000, 0x00000000d5f00000)
  object space 16384K, 61% used [0x0000000081c00000,0x00000000825c91e0,0x0000000082c00000)
 Metaspace       used 22356K, capacity 22576K, committed 22912K, reserved 1069056K
  class space    used 3052K, capacity 3110K, committed 3200K, reserved 1048576K
Event: 38.214 GC heap after
Heap after GC invocations=16 (full 1):
 PSYoungGen      total 39936K, used 224K [0x00000000d5f00000, 0x00000000d9980000, 0x0000000100000000)
  eden space 32768K, 0% used [0x00000000d5f00000,0x00000000d5f00000,0x00000000d7f00000)
  from space 7168K, 3% used [0x00000000d7f00000,0x00000000d7f38000,0x00000000d8600000)
  to   space 7168K, 0% used [0x00000000d9280000,0x00000000d9280000,0x00000000d9980000)
 ParOldGen       total 16384K, used 13008K [0x0000000081c00000, 0x0000000082c00000, 0x00000000d5f00000)
  object space 16384K, 79% used [0x0000000081c00000,0x00000000828b4060,0x0000000082c00000)
 Metaspace       used 22356K, capacity 22576K, committed 22912K, reserved 1069056K
  class space    used 3052K, capacity 3110K, committed 3200K, reserved 1048576K
}
Event: 38.214 GC heap before
{Heap before GC invocations=17 (full 2):
 PSYoungGen      total 39936K, used 224K [0x00000000d5f00000, 0x00000000d9980000, 0x0000000100000000)
  eden space 32768K, 0% used [0x00000000d5f00000,0x00000000d5f00000,0x00000000d7f00000)
  from space 7168K, 3% used [0x00000000d7f00000,0x00000000d7f38000,0x00000000d8600000)
  to   space 7168K, 0% used [0x00000000d9280000,0x00000000d9280000,0x00000000d9980000)
 ParOldGen       total 16384K, used 13008K [0x0000000081c00000, 0x0000000082c00000, 0x00000000d5f00000)
  object space 16384K, 79% used [0x0000000081c00000,0x00000000828b4060,0x0000000082c00000)
 Metaspace       used 22356K, capacity 22576K, committed 22912K, reserved 1069056K
  class space    used 3052K, capacity 3110K, committed 3200K, reserved 1048576K
Event: 38.302 GC heap after
Heap after GC invocations=17 (full 2):
 PSYoungGen      total 39936K, used 0K [0x00000000d5f00000, 0x00000000d9980000, 0x0000000100000000)
  eden space 32768K, 0% used [0x00000000d5f00000,0x00000000d5f00000,0x00000000d7f00000)
  from space 7168K, 0% used [0x00000000d7f00000,0x00000000d7f00000,0x00000000d8600000)
  to   space 7168K, 0% used [0x00000000d9280000,0x00000000d9280000,0x00000000d9980000)
 ParOldGen       total 19456K, used 12537K [0x0000000081c00000, 0x0000000082f00000, 0x00000000d5f00000)
  object space 19456K, 64% used [0x0000000081c00000,0x000000008283e7a8,0x0000000082f00000)
 Metaspace       used 22356K, capacity 22576K, committed 22912K, reserved 1069056K
  class space    used 3052K, capacity 3110K, committed 3200K, reserved 1048576K
}

Deoptimization events (10 events):
Event: 3.109 Thread 0x000000001a050000 Uncommon trap: reason=class_check action=maybe_recompile pc=0x0000000002cfd068 method=javafx.scene.Node.isVisible()Z @ 15
Event: 3.200 Thread 0x000000001a050000 Uncommon trap: reason=class_check action=maybe_recompile pc=0x0000000002d52310 method=javafx.scene.Node.isVisible()Z @ 15
Event: 3.610 Thread 0x000000001a050000 Uncommon trap: reason=class_check action=maybe_recompile pc=0x0000000002ec909c method=java.lang.reflect.Array.newInstance(Ljava/lang/Class;I)Ljava/lang/Object; @ 2
Event: 3.610 Thread 0x000000001a050000 Uncommon trap: reason=class_check action=maybe_recompile pc=0x0000000002ec909c method=java.lang.reflect.Array.newInstance(Ljava/lang/Class;I)Ljava/lang/Object; @ 2
Event: 3.610 Thread 0x000000001a050000 Uncommon trap: reason=class_check action=maybe_recompile pc=0x0000000002ec909c method=java.lang.reflect.Array.newInstance(Ljava/lang/Class;I)Ljava/lang/Object; @ 2
Event: 3.610 Thread 0x000000001a050000 Uncommon trap: reason=class_check action=maybe_recompile pc=0x0000000002ec909c method=java.lang.reflect.Array.newInstance(Ljava/lang/Class;I)Ljava/lang/Object; @ 2
Event: 3.731 Thread 0x0000000019f0b000 Uncommon trap: reason=class_check action=maybe_recompile pc=0x0000000002abf8a4 method=java.util.Arrays.binarySearch0([Ljava/lang/Object;IILjava/lang/Object;Ljava/util/Comparator;)I @ 48
Event: 3.731 Thread 0x0000000019f0b000 Uncommon trap: reason=class_check action=maybe_recompile pc=0x0000000002abf8a4 method=java.util.Arrays.binarySearch0([Ljava/lang/Object;IILjava/lang/Object;Ljava/util/Comparator;)I @ 48
Event: 3.732 Thread 0x0000000019f0b000 Uncommon trap: reason=class_check action=maybe_recompile pc=0x0000000002abf8a4 method=java.util.Arrays.binarySearch0([Ljava/lang/Object;IILjava/lang/Object;Ljava/util/Comparator;)I @ 48
Event: 3.733 Thread 0x0000000019f0b000 Uncommon trap: reason=class_check action=maybe_recompile pc=0x0000000002abf8a4 method=java.util.Arrays.binarySearch0([Ljava/lang/Object;IILjava/lang/Object;Ljava/util/Comparator;)I @ 48

Internal exceptions (10 events):
Event: 1.656 Thread 0x000000000209f000 Exception <a 'java/lang/NullPointerException'> (0x00000000d6379470) thrown at [C:\re\workspace\8-2-build-windows-amd64-cygwin\jdk8u11\648\hotspot\src\share\vm\interpreter\linkResolver.cpp, line 1169]
Event: 1.680 Thread 0x000000000209f000 Exception <a 'java/security/PrivilegedActionException'> (0x00000000d6383d58) thrown at [C:\re\workspace\8-2-build-windows-amd64-cygwin\jdk8u11\648\hotspot\src\share\vm\prims\jvm.cpp, line 1248]
Event: 1.688 Thread 0x000000000209f000 Exception <a 'java/lang/NoSuchMethodError': <clinit>> (0x00000000d638d7b8) thrown at [C:\re\workspace\8-2-build-windows-amd64-cygwin\jdk8u11\648\hotspot\src\share\vm\prims\jni.cpp, line 1599]
Event: 1.711 Thread 0x000000000209f000 Exception <a 'java/lang/NoSuchMethodError': <clinit>> (0x00000000d67ae070) thrown at [C:\re\workspace\8-2-build-windows-amd64-cygwin\jdk8u11\648\hotspot\src\share\vm\prims\jni.cpp, line 1599]
Event: 2.725 Thread 0x000000001a050000 Exception <a 'java/security/PrivilegedActionException'> (0x00000000d70fd258) thrown at [C:\re\workspace\8-2-build-windows-amd64-cygwin\jdk8u11\648\hotspot\src\share\vm\prims\jvm.cpp, line 1248]
Event: 48.396 Thread 0x0000000018c64800 JVM_StopThread thread JavaThread 0x000000001f3b4000 as oop 0x0000000082426ba0 [exception 0x000000001a97caa8]
Event: 48.396 Thread 0x000000001f3b4000 Exception <a 'java/lang/ThreadDeath'> (0x00000000d66f5f38) thrown at [C:\re\workspace\8-2-build-windows-amd64-cygwin\jdk8u11\648\hotspot\src\share\vm\prims\jni.cpp, line 716]
Event: 48.397 Thread 0x0000000018c64800 JVM_StopThread thread JavaThread 0x000000001f3b4000 as oop 0x0000000082426ba0 [exception 0x000000001a97cb08]
Event: 48.397 Thread 0x0000000018c64800 Exception <a 'java/lang/NullPointerException'> (0x00000000d66f6658) thrown at [C:\re\workspace\8-2-build-windows-amd64-cygwin\jdk8u11\648\hotspot\src\share\vm\interpreter\linkResolver.cpp, line 1169]
Event: 48.397 Thread 0x000000001f3b4000 Exception <a 'java/lang/ThreadDeath'> (0x00000000d66f6318) thrown at [C:\re\workspace\8-2-build-windows-amd64-cygwin\jdk8u11\648\hotspot\src\share\vm\prims\jni.cpp, line 716]

Events (10 events):
Event: 48.396 Executing VM operation: ThreadStop
Event: 48.396 Executing VM operation: ThreadStop done
Event: 48.396 Executing VM operation: GetOrSetLocal
Event: 48.396 Executing VM operation: GetOrSetLocal done
Event: 48.396 Executing VM operation: EnterInterpOnlyMode
Event: 48.396 Executing nested VM operation: Deoptimize
Event: 48.396 Executing nested VM operation: Deoptimize done
Event: 48.396 Executing VM operation: EnterInterpOnlyMode done
Event: 48.397 Executing VM operation: ThreadStop
Event: 48.397 Executing VM operation: ThreadStop done


Dynamic libraries:
0x000000013f200000 - 0x000000013f234000 	C:\Program Files\Java\jdk1.8.0_11\bin\java.exe
0x0000000077780000 - 0x0000000077929000 	C:\Windows\SYSTEM32\ntdll.dll
0x0000000077560000 - 0x000000007767f000 	C:\Windows\system32\kernel32.dll
0x000007fefd5d0000 - 0x000007fefd63c000 	C:\Windows\system32\KERNELBASE.dll
0x000007fefdf60000 - 0x000007fefe03b000 	C:\Windows\system32\ADVAPI32.dll
0x000007fefe0c0000 - 0x000007fefe15f000 	C:\Windows\system32\msvcrt.dll
0x000007fefd970000 - 0x000007fefd98f000 	C:\Windows\SYSTEM32\sechost.dll
0x000007fefde30000 - 0x000007fefdf5d000 	C:\Windows\system32\RPCRT4.dll
0x0000000077680000 - 0x000000007777a000 	C:\Windows\system32\USER32.dll
0x000007fefd990000 - 0x000007fefd9f7000 	C:\Windows\system32\GDI32.dll
0x000007fefe530000 - 0x000007fefe53e000 	C:\Windows\system32\LPK.dll
0x000007fefdc00000 - 0x000007fefdcc9000 	C:\Windows\system32\USP10.dll
0x000007fefc720000 - 0x000007fefc914000 	C:\Windows\WinSxS\amd64_microsoft.windows.common-controls_6595b64144ccf1df_6.0.7601.17514_none_fa396087175ac9ac\COMCTL32.dll
0x000007feff9f0000 - 0x000007feffa61000 	C:\Windows\system32\SHLWAPI.dll
0x000007fefe160000 - 0x000007fefe18e000 	C:\Windows\system32\IMM32.DLL
0x000007fefdaf0000 - 0x000007fefdbf9000 	C:\Windows\system32\MSCTF.dll
0x0000000075320000 - 0x0000000075358000 	C:\PROGRA~2\Sophos\SOPHOS~1\SOPHOS~2.DLL
0x0000000077940000 - 0x0000000077947000 	C:\Windows\system32\PSAPI.DLL
0x0000000057680000 - 0x0000000057752000 	C:\Program Files\Java\jdk1.8.0_11\jre\bin\msvcr100.dll
0x0000000056700000 - 0x0000000056f2a000 	C:\Program Files\Java\jdk1.8.0_11\jre\bin\server\jvm.dll
0x000007fef9820000 - 0x000007fef9829000 	C:\Windows\system32\WSOCK32.dll
0x000007fefda00000 - 0x000007fefda4d000 	C:\Windows\system32\WS2_32.dll
0x000007fefe520000 - 0x000007fefe528000 	C:\Windows\system32\NSI.dll
0x000007fefafa0000 - 0x000007fefafdb000 	C:\Windows\system32\WINMM.dll
0x0000000060aa0000 - 0x0000000060aaf000 	C:\Program Files\Java\jdk1.8.0_11\jre\bin\verify.dll
0x00000000599f0000 - 0x0000000059a18000 	C:\Program Files\Java\jdk1.8.0_11\jre\bin\java.dll
0x00000000663c0000 - 0x00000000663f5000 	C:\Program Files\Java\jdk1.8.0_11\jre\bin\jdwp.dll
0x0000000066470000 - 0x0000000066478000 	C:\Program Files\Java\jdk1.8.0_11\jre\bin\npt.dll
0x0000000058120000 - 0x0000000058136000 	C:\Program Files\Java\jdk1.8.0_11\jre\bin\zip.dll
0x000007fefea80000 - 0x000007feff808000 	C:\Windows\system32\SHELL32.dll
0x000007fefe230000 - 0x000007fefe433000 	C:\Windows\system32\ole32.dll
0x000007fefd5b0000 - 0x000007fefd5bf000 	C:\Windows\system32\profapi.dll
0x000000006c8c0000 - 0x000000006c8cb000 	C:\Program Files\Java\jdk1.8.0_11\jre\bin\dt_shmem.dll
0x00000000574e0000 - 0x0000000057676000 	C:\Program Files\Java\jdk1.8.0_11\jre\bin\awt.dll
0x000007fefe440000 - 0x000007fefe517000 	C:\Windows\system32\OLEAUT32.dll
0x000007fefb760000 - 0x000007fefb778000 	C:\Windows\system32\DWMAPI.DLL
0x000007fefb920000 - 0x000007fefb976000 	C:\Windows\system32\uxtheme.dll
0x000007fefd450000 - 0x000007fefd45f000 	C:\Windows\system32\CRYPTBASE.dll
0x0000000057490000 - 0x00000000574d7000 	C:\Program Files\Java\jdk1.8.0_11\jre\bin\fontmanager.dll
0x0000000057f00000 - 0x0000000057f1a000 	C:\Program Files\Java\jdk1.8.0_11\jre\bin\net.dll
0x000007fefc1c0000 - 0x000007fefc1ed000 	C:\ProgramData\Sophos\Web Intelligence\swi_ifslsp_64.dll
0x000007fefc490000 - 0x000007fefc49c000 	C:\Windows\system32\VERSION.dll
0x000007fefcd90000 - 0x000007fefcde5000 	C:\Windows\system32\mswsock.dll
0x000007fefcd80000 - 0x000007fefcd87000 	C:\Windows\System32\wship6.dll
0x0000000057ee0000 - 0x0000000057ef1000 	C:\Program Files\Java\jdk1.8.0_11\jre\bin\nio.dll
0x0000000057440000 - 0x0000000057481000 	C:\Program Files\Java\jdk1.8.0_11\jre\bin\t2k.dll
0x0000000066410000 - 0x000000006643b000 	C:\Program Files\Java\jdk1.8.0_11\jre\bin\prism_d3d.dll
0x000007fed3f10000 - 0x000007fed410f000 	C:\Windows\system32\d3d9.dll
0x000007fefb3a0000 - 0x000007fefb3a7000 	C:\Windows\system32\d3d8thk.dll
0x000007fed0940000 - 0x000007fed155f000 	C:\Windows\system32\igdumd64.dll
0x0000000066380000 - 0x00000000663bf000 	C:\Program Files\Java\jdk1.8.0_11\jre\bin\glass.dll
0x000007fefe190000 - 0x000007fefe227000 	C:\Windows\system32\COMDLG32.dll
0x000007fefda50000 - 0x000007fefdae9000 	C:\Windows\system32\CLBCatQ.DLL
0x000007fefb590000 - 0x000007fefb6f1000 	C:\Windows\system32\WindowsCodecs.dll
0x000007fefd3f0000 - 0x000007fefd447000 	C:\Windows\system32\apphelp.dll
0x000007fef56b0000 - 0x000007fef56ec000 	C:\Users\dernehl\AppData\Local\Microsoft\SkyDrive\16.4.6013.0910\amd64\SkyDriveShell64.dll
0x000007fef5600000 - 0x000007fef56a7000 	C:\Users\dernehl\AppData\Local\Microsoft\SkyDrive\16.4.6013.0910\amd64\MSVCP110.dll
0x000007fef5530000 - 0x000007fef55fe000 	C:\Users\dernehl\AppData\Local\Microsoft\SkyDrive\16.4.6013.0910\amd64\MSVCR110.dll
0x000007fefe540000 - 0x000007fefe770000 	C:\Windows\system32\WININET.dll
0x000007fefd650000 - 0x000007fefd654000 	C:\Windows\system32\api-ms-win-downlevel-user32-l1-1-0.dll
0x000007fefd6d0000 - 0x000007fefd6d4000 	C:\Windows\system32\api-ms-win-downlevel-shlwapi-l1-1-0.dll
0x000007fefd640000 - 0x000007fefd644000 	C:\Windows\system32\api-ms-win-downlevel-version-l1-1-0.dll
0x000007fefd660000 - 0x000007fefd663000 	C:\Windows\system32\api-ms-win-downlevel-normaliz-l1-1-0.dll
0x0000000077950000 - 0x0000000077953000 	C:\Windows\system32\normaliz.DLL
0x000007fefe7d0000 - 0x000007fefea7a000 	C:\Windows\system32\iertutil.dll
0x000007fefd960000 - 0x000007fefd965000 	C:\Windows\system32\api-ms-win-downlevel-advapi32-l1-1-0.dll
0x000007fefd6e0000 - 0x000007fefd6fe000 	C:\Windows\system32\USERENV.dll
0x000000006f260000 - 0x000000006f276000 	C:\Program Files\Common Files\TortoiseOverlays\TortoiseOverlays.dll
0x000000006f3a0000 - 0x000000006f3b0000 	C:\Program Files\TortoiseSVN\bin\TortoiseStub.dll
0x000000006f110000 - 0x000000006f18b000 	C:\Program Files\TortoiseSVN\bin\TortoiseSVN.dll
0x000007fef5160000 - 0x000007fef552e000 	C:\Program Files\TortoiseSVN\bin\libsvn_tsvn.dll
0x000000006f1b0000 - 0x000000006f1db000 	C:\Program Files\TortoiseSVN\bin\libapr_tsvn.dll
0x000000006f0c0000 - 0x000000006f101000 	C:\Program Files\TortoiseSVN\bin\libaprutil_tsvn.dll
0x000007fefe770000 - 0x000007fefe7c2000 	C:\Windows\system32\WLDAP32.dll
0x000007fef5150000 - 0x000007fef5160000 	C:\Program Files\TortoiseSVN\bin\intl3_tsvn.dll
0x000007fef5130000 - 0x000007fef514a000 	C:\Program Files\TortoiseSVN\bin\libsasl.dll
0x000007fefd1f0000 - 0x000007fefd1fb000 	C:\Windows\system32\Secur32.dll
0x000007fefd3c0000 - 0x000007fefd3e5000 	C:\Windows\system32\SSPICLI.DLL
0x000007fefd7e0000 - 0x000007fefd94c000 	C:\Windows\system32\CRYPT32.dll
0x000007fefd5c0000 - 0x000007fefd5cf000 	C:\Windows\system32\MSASN1.dll
0x000000006f540000 - 0x000000006f5d8000 	C:\Windows\system32\MSVCP100.dll
0x000007fef50f0000 - 0x000007fef5125000 	C:\Windows\system32\EhStorShell.dll
0x000007feff810000 - 0x000007feff9e7000 	C:\Windows\system32\SETUPAPI.dll
0x000007fefd690000 - 0x000007fefd6c6000 	C:\Windows\system32\CFGMGR32.dll
0x000007fefd670000 - 0x000007fefd68a000 	C:\Windows\system32\DEVOBJ.dll
0x000007fefbc80000 - 0x000007fefbdac000 	C:\Windows\system32\PROPSYS.dll
0x000007fef3a50000 - 0x000007fef40bf000 	C:\PROGRA~1\MICROS~1\Office14\GROOVEEX.DLL
0x000000006ef00000 - 0x000000006efa3000 	C:\Windows\WinSxS\amd64_microsoft.vc90.crt_1fc8b3b9a1e18e3b_9.0.30729.6161_none_08e61857a83bc251\MSVCR90.dll
0x000000006ee20000 - 0x000000006eef3000 	C:\Windows\WinSxS\amd64_microsoft.vc90.crt_1fc8b3b9a1e18e3b_9.0.30729.6161_none_08e61857a83bc251\MSVCP90.dll
0x000000006edf0000 - 0x000000006ee1f000 	C:\Windows\WinSxS\amd64_microsoft.vc90.atl_1fc8b3b9a1e18e3b_9.0.30729.6161_none_0a1fd3a3a768b895\ATL90.DLL
0x000007fef3630000 - 0x000007fef3a4a000 	C:\PROGRA~1\COMMON~1\MICROS~1\OFFICE14\Cultures\office.odf
0x000007fef2da0000 - 0x000007fef362b000 	C:\PROGRA~1\MICROS~1\Office14\1031\GrooveIntlResource.dll
0x0000000066450000 - 0x0000000066463000 	C:\Program Files\Java\jdk1.8.0_11\jre\bin\javafx_font.dll
0x000007fed5790000 - 0x000007fed5926000 	C:\Windows\system32\dwrite.dll
0x0000000057e10000 - 0x0000000057e3a000 	C:\Program Files\Java\jdk1.8.0_11\jre\bin\dcpr.dll
0x0000000066360000 - 0x0000000066371000 	C:\Program Files\Java\jdk1.8.0_11\jre\bin\prism_common.dll
0x000007fed1b90000 - 0x000007fed1f54000 	C:\Windows\system32\d2d1.dll
0x000007fef5990000 - 0x000007fef5b65000 	C:\Windows\system32\d3d11.dll
0x000007fef5b70000 - 0x000007fef5bcd000 	C:\Windows\system32\dxgi.dll
0x000007fed1910000 - 0x000007fed1b89000 	C:\Windows\system32\D3D10Warp.dll
0x000007fef5960000 - 0x000007fef5984000 	C:\Windows\system32\DXGIDebug.dll
0x000007fefd700000 - 0x000007fefd73a000 	C:\Windows\system32\WINTRUST.dll
0x000007fef6330000 - 0x000007fef6455000 	C:\Windows\system32\dbghelp.dll

VM Arguments:
jvm_args: -Xdebug -Xrunjdwp:transport=dt_shmem,address=javadebug -Dfile.encoding=UTF-8 
java_command: gui.app.FrameApp
java_class_path (initial): C:\Users\dernehl\Documents\UMN\uav\trunk\GroundStation\OpenUGS\lib\jmatio.jar;C:\Users\dernehl\Documents\UMN\uav\trunk\GroundStation\64 bit java files\RXTXcomm.jar;C:\Users\dernehl\Documents\UMN\uav\trunk\GroundStation\OpenUGS\lib\worldwind\comm.jar;C:\Users\dernehl\Documents\UMN\uav\trunk\GroundStation\OpenUGS\lib\worldwind\gluegen-rt.jar;C:\Users\dernehl\Documents\UMN\uav\trunk\GroundStation\OpenUGS\lib\worldwind\jogl.jar;C:\Users\dernehl\Documents\UMN\uav\trunk\GroundStation\OpenUGS\lib\worldwind\worldwind.jar;C:\Users\dernehl\Documents\UMN\uav\trunk\GroundStation\OpenUGS\build\classes;C:\Users\dernehl\Documents\UMN\uav\trunk\GroundStation\OpenUGS\lib
Launcher Type: SUN_STANDARD

Environment Variables:
PATH=C:\Perl64\site\bin;C:\Perl64\bin;C:\Program Files\Common Files\Microsoft Shared\Windows Live;C:\Program Files (x86)\Common Files\Microsoft Shared\Windows Live;C:\Windows\system32;C:\Windows;C:\Windows\System32\Wbem;C:\Windows\System32\WindowsPowerShell\v1.0\;C:\Program Files\TortoiseSVN\bin;C:\Program Files\Intel\WiFi\bin\;C:\Program Files\Common Files\Intel\WirelessCommon\;C:\Program Files (x86)\Intel\Services\IPT\;C:\Program Files\doxygen\bin;C:\Program Files (x86)\Graphviz 2.28\bin;c:\Program Files (x86)\Microsoft SQL Server\100\Tools\Binn\;c:\Program Files\Microsoft SQL Server\100\Tools\Binn\;c:\Program Files\Microsoft SQL Server\100\DTS\Binn\;C:\Program Files (x86)\MiKTeX 2.9\miktex\bin\;C:\Program Files\Microsoft Windows Performance Toolkit\;C:\Program Files (x86)\Windows Live\Shared;C:\Program Files (x86)\CMake 2.8\bin;C:\Program Files (x86)\GNU\GnuPG\pub;C:\Python27;C:\Python27\DLLs;C:\Users\dernehl\Downloads\z3_64\bin;C:\Program Files (x86)\QuickTime\QTSystem\;C:\Program Files (x86)\Windows Kits\8.1\Windows Performance Toolkit\;C:\Program Files\Microsoft SQL Server\110\Tools\Bin\;C:\Program Files (x86)\Intel\OpenCL SDK\2.0\bin\x86;C:\Program Files (x86)\Intel\OpenCL SDK\2.0\bin\x64;C:\Program Files\MATLAB\R2014a\runtime\win64;C:\Program Files\MATLAB\R2014a\bin;C:\Program Files\MATLAB\R2014a\bin\win64;C:\Program Files\MATLAB\R2013b\runtime\win64;C:\Program Files\MATLAB\R2013b\bin;C:\Program Files\Google\Google Apps Sync\;C:\Program Files\Google\Google Apps Migration\;C:\Program Files\Intel\WiFi\bin\;C:\Program Files\Common Files\Intel\WirelessCommon\;C:\MinGW\bin;C:\msys\1.0\bin;
USERNAME=dernehl
OS=Windows_NT
PROCESSOR_IDENTIFIER=Intel64 Family 6 Model 42 Stepping 7, GenuineIntel



---------------  S Y S T E M  ---------------

OS: Windows 7 , 64 bit Build 7601 Service Pack 1

CPU:total 4 (2 cores per cpu, 2 threads per core) family 6 model 42 stepping 7, cmov, cx8, fxsr, mmx, sse, sse2, sse3, ssse3, sse4.1, sse4.2, popcnt, avx, aes, clmul, ht, tsc, tscinvbit

Memory: 4k page, physical 8269040k(3036620k free), swap 16536216k(11078480k free)

vm_info: Java HotSpot(TM) 64-Bit Server VM (25.11-b03) for windows-amd64 JRE (1.8.0_11-b12), built on Jun 16 2014 20:57:32 by "java_re" with MS VC++ 10.0 (VS2010)

time: Fri Aug 01 15:36:18 2014
elapsed time: 48 seconds

