#
# A fatal error has been detected by the Java Runtime Environment:
#
#  Internal Error (exceptions.cpp:417), pid=11208, tid=10900
#  fatal error: ExceptionMark destructor expects no pending exceptions
#
# JRE version: Java(TM) SE Runtime Environment (8.0_11-b12) (build 1.8.0_11-b12)
# Java VM: Java HotSpot(TM) 64-Bit Server VM (25.11-b03 mixed mode windows-amd64 compressed oops)
# Failed to write core dump. Minidumps are not enabled by default on client versions of Windows
#
# If you would like to submit a bug report, please visit:
#   http://bugreport.sun.com/bugreport/crash.jsp
#

---------------  T H R E A D  ---------------

Current thread (0x0000000059ddf000):  JavaThread "Thread-7" [_thread_in_vm, id=10900, stack(0x00000000601f0000,0x00000000602f0000)]

Stack: [0x00000000601f0000,0x00000000602f0000]
Native frames: (J=compiled Java code, j=interpreted, Vv=VM code, C=native code)
V  [jvm.dll+0x308eca]
V  [jvm.dll+0x25e121]
V  [jvm.dll+0x25ed33]
V  [jvm.dll+0x256686]
V  [jvm.dll+0x2571db]
V  [jvm.dll+0x1a3126]
V  [jvm.dll+0xa96e1]
C  0x00000000025d46bf

Java frames: (J=compiled Java code, j=interpreted, Vv=VM code)
j  java.net.DualStackPlainDatagramSocketImpl.socketReceiveOrPeekData(ILjava/net/DatagramPacket;IZZ)I+0
j  java.net.DualStackPlainDatagramSocketImpl.receive0(Ljava/net/DatagramPacket;)V+47
j  java.net.AbstractPlainDatagramSocketImpl.receive(Ljava/net/DatagramPacket;)V+2
j  java.net.DatagramSocket.receive(Ljava/net/DatagramPacket;)V+290
j  net.udp.server.UDPServer.run()V+57
v  ~StubRoutines::call_stub

---------------  P R O C E S S  ---------------

Java Threads: ( => current thread )
  0x0000000059de4000 JavaThread "Prism Font Disposer" daemon [_thread_blocked, id=3304, stack(0x0000000061d00000,0x0000000061e00000)]
  0x0000000059de1800 JavaThread "DestroyJavaVM" [_thread_blocked, id=4464, stack(0x00000000021f0000,0x00000000022f0000)]
  0x0000000059de1000 JavaThread "Thread-6" [_thread_blocked, id=10256, stack(0x00000000605d0000,0x00000000606d0000)]
  0x0000000059de0000 JavaThread "TimerQueue" daemon [_thread_blocked, id=8724, stack(0x00000000603a0000,0x00000000604a0000)]
=>0x0000000059ddf000 JavaThread "Thread-7" [_thread_in_vm, id=10900, stack(0x00000000601f0000,0x00000000602f0000)]
  0x0000000059809800 JavaThread "Thread-4" [_thread_blocked, id=10720, stack(0x000000005e810000,0x000000005e910000)]
  0x0000000059b90000 JavaThread "Thread-3" daemon [_thread_blocked, id=9924, stack(0x000000005e660000,0x000000005e760000)]
  0x00000000598bb800 JavaThread "JavaFX Application Thread" [_thread_in_native, id=7372, stack(0x000000005cc90000,0x000000005cd90000)]
  0x00000000598bb000 JavaThread "Thread-2" daemon [_thread_blocked, id=11216, stack(0x000000005c9e0000,0x000000005cae0000)]
  0x0000000059bae800 JavaThread "QuantumRenderer-0" daemon [_thread_blocked, id=6788, stack(0x000000005c4d0000,0x000000005c5d0000)]
  0x000000005979a800 JavaThread "org.netbeans.modules.debugger.jpda.visual AWT Access Loop" daemon [_thread_blocked, id=9340, stack(0x000000005abb0000,0x000000005acb0000)]
  0x000000005874b800 JavaThread "AWT-EventQueue-0" [_thread_blocked, id=8436, stack(0x000000005aa90000,0x000000005ab90000)]
  0x000000005973b000 JavaThread "AWT-Windows" daemon [_thread_in_native, id=6528, stack(0x000000005a3d0000,0x000000005a4d0000)]
  0x0000000058795800 JavaThread "AWT-Shutdown" [_thread_blocked, id=10812, stack(0x000000005a170000,0x000000005a270000)]
  0x0000000058793800 JavaThread "Java2D Disposer" daemon [_thread_blocked, id=10452, stack(0x0000000059f00000,0x000000005a000000)]
  0x0000000058555800 JavaThread "Service Thread" daemon [_thread_blocked, id=6092, stack(0x00000000594f0000,0x00000000595f0000)]
  0x000000005853b800 JavaThread "C1 CompilerThread2" daemon [_thread_blocked, id=7664, stack(0x0000000059260000,0x0000000059360000)]
  0x00000000584f4000 JavaThread "C2 CompilerThread1" daemon [_thread_blocked, id=7616, stack(0x0000000058f70000,0x0000000059070000)]
  0x00000000584ee800 JavaThread "C2 CompilerThread0" daemon [_thread_blocked, id=5560, stack(0x0000000058910000,0x0000000058a10000)]
  0x00000000584e3000 JavaThread "JDWP Command Reader" daemon [_thread_in_native, id=9416, stack(0x0000000059090000,0x0000000059190000)]
  0x00000000584df800 JavaThread "JDWP Event Helper Thread" daemon [_thread_blocked, id=8368, stack(0x0000000058e20000,0x0000000058f20000)]
  0x00000000584d4000 JavaThread "JDWP Transport Listener: dt_shmem" daemon [_thread_blocked, id=10008, stack(0x0000000058b80000,0x0000000058c80000)]
  0x00000000572f9800 JavaThread "Attach Listener" daemon [_thread_blocked, id=8848, stack(0x0000000058cb0000,0x0000000058db0000)]
  0x00000000572f8800 JavaThread "Signal Dispatcher" daemon [_thread_blocked, id=9580, stack(0x0000000058a30000,0x0000000058b30000)]
  0x0000000057298800 JavaThread "Finalizer" daemon [_thread_blocked, id=9980, stack(0x00000000583d0000,0x00000000584d0000)]
  0x000000005728e000 JavaThread "Reference Handler" daemon [_thread_blocked, id=8396, stack(0x00000000580d0000,0x00000000581d0000)]

Other Threads:
  0x000000005728a800 VMThread [stack: 0x0000000058280000,0x0000000058380000] [id=10616]
  0x0000000058558800 WatcherThread [stack: 0x00000000593f0000,0x00000000594f0000] [id=8600]

VM state:synchronizing (normal execution)

VM Mutex/Monitor currently owned by a thread:  ([mutex/lock_event])
[0x0000000001ee8880] Threads_lock - owner thread: 0x000000005728a800

Heap:
 PSYoungGen      total 30208K, used 22046K [0x00000000d5f00000, 0x00000000d8380000, 0x0000000100000000)
  eden space 28672K, 76% used [0x00000000d5f00000,0x00000000d74879d8,0x00000000d7b00000)
  from space 1536K, 0% used [0x00000000d8200000,0x00000000d8200000,0x00000000d8380000)
  to   space 2048K, 0% used [0x00000000d7f80000,0x00000000d7f80000,0x00000000d8180000)
 ParOldGen       total 17408K, used 12484K [0x0000000081c00000, 0x0000000082d00000, 0x00000000d5f00000)
  object space 17408K, 71% used [0x0000000081c00000,0x0000000082831160,0x0000000082d00000)
 Metaspace       used 22469K, capacity 22704K, committed 22912K, reserved 1069056K
  class space    used 3054K, capacity 3110K, committed 3200K, reserved 1048576K

Card table byte_map: [0x0000000011980000,0x0000000011d80000] byte_map_base: 0x0000000011572000

Marking Bits: (ParMarkBitMap*) 0x0000000069bb12b0
 Begin Bits: [0x00000000125e0000, 0x0000000014570000)
 End Bits:   [0x0000000014570000, 0x0000000016500000)

Polling page: 0x0000000000330000

CodeCache: size=245760Kb used=11364Kb max_used=11374Kb free=234395Kb
 bounds [0x00000000025c0000, 0x00000000030f0000, 0x00000000115c0000]
 total_blobs=4081 nmethods=3353 adapters=648
 compilation: enabled

Compilation events (10 events):
Event: 13.518 Thread 0x00000000584ee800 nmethod 3355 0x00000000030dc050 code [0x00000000030dc1a0, 0x00000000030dc348]
Event: 13.518 Thread 0x000000005853b800 3356       3       javax.swing.plaf.metal.MetalLookAndFeel::getPrimaryControlDarkShadow (7 bytes)
Event: 13.518 Thread 0x000000005853b800 nmethod 3356 0x00000000030e0890 code [0x00000000030e0a00, 0x00000000030e0c78]
Event: 13.518 Thread 0x000000005853b800 3357       3       javax.swing.plaf.metal.MetalTheme::getPrimaryControlDarkShadow (5 bytes)
Event: 13.518 Thread 0x000000005853b800 nmethod 3357 0x00000000030e0490 code [0x00000000030e0600, 0x00000000030e0808]
Event: 13.518 Thread 0x00000000584f4000 nmethod 3354 0x00000000030e2c10 code [0x00000000030e2de0, 0x00000000030e3500]
Event: 13.554 Thread 0x000000005853b800 3358       3       java.awt.Container::clearLightweightDispatcherOnRemove (24 bytes)
Event: 13.555 Thread 0x000000005853b800 nmethod 3358 0x00000000030dfb50 code [0x00000000030dfd00, 0x00000000030e01a8]
Event: 13.555 Thread 0x000000005853b800 3359       3       java.awt.Window::getContainer (2 bytes)
Event: 13.555 Thread 0x000000005853b800 nmethod 3359 0x00000000030d9990 code [0x00000000030d9ae0, 0x00000000030d9c30]

GC Heap History (10 events):
Event: 1.783 GC heap before
{Heap before GC invocations=12 (full 0):
 PSYoungGen      total 14848K, used 13472K [0x00000000d5f00000, 0x00000000d7700000, 0x0000000100000000)
  eden space 13312K, 100% used [0x00000000d5f00000,0x00000000d6c00000,0x00000000d6c00000)
  from space 1536K, 10% used [0x00000000d6c00000,0x00000000d6c28000,0x00000000d6d80000)
  to   space 1536K, 0% used [0x00000000d7580000,0x00000000d7580000,0x00000000d7700000)
 ParOldGen       total 129536K, used 3977K [0x0000000081c00000, 0x0000000089a80000, 0x00000000d5f00000)
  object space 129536K, 3% used [0x0000000081c00000,0x0000000081fe2590,0x0000000089a80000)
 Metaspace       used 15902K, capacity 16088K, committed 16384K, reserved 1062912K
  class space    used 2157K, capacity 2210K, committed 2304K, reserved 1048576K
Event: 1.797 GC heap after
Heap after GC invocations=12 (full 0):
 PSYoungGen      total 22528K, used 1120K [0x00000000d5f00000, 0x00000000d7800000, 0x0000000100000000)
  eden space 20992K, 0% used [0x00000000d5f00000,0x00000000d5f00000,0x00000000d7380000)
  from space 1536K, 72% used [0x00000000d7580000,0x00000000d7698000,0x00000000d7700000)
  to   space 2048K, 0% used [0x00000000d7380000,0x00000000d7380000,0x00000000d7580000)
 ParOldGen       total 129536K, used 4049K [0x0000000081c00000, 0x0000000089a80000, 0x00000000d5f00000)
  object space 129536K, 3% used [0x0000000081c00000,0x0000000081ff4590,0x0000000089a80000)
 Metaspace       used 15902K, capacity 16088K, committed 16384K, reserved 1062912K
  class space    used 2157K, capacity 2210K, committed 2304K, reserved 1048576K
}
Event: 2.924 GC heap before
{Heap before GC invocations=13 (full 0):
 PSYoungGen      total 22528K, used 19090K [0x00000000d5f00000, 0x00000000d7800000, 0x0000000100000000)
  eden space 20992K, 85% used [0x00000000d5f00000,0x00000000d708cbe8,0x00000000d7380000)
  from space 1536K, 72% used [0x00000000d7580000,0x00000000d7698000,0x00000000d7700000)
  to   space 2048K, 0% used [0x00000000d7380000,0x00000000d7380000,0x00000000d7580000)
 ParOldGen       total 129536K, used 4049K [0x0000000081c00000, 0x0000000089a80000, 0x00000000d5f00000)
  object space 129536K, 3% used [0x0000000081c00000,0x0000000081ff4590,0x0000000089a80000)
 Metaspace       used 20868K, capacity 21034K, committed 21248K, reserved 1067008K
  class space    used 2920K, capacity 2981K, committed 3072K, reserved 1048576K
Event: 2.929 GC heap after
Heap after GC invocations=13 (full 0):
 PSYoungGen      total 23040K, used 1490K [0x00000000d5f00000, 0x00000000d8400000, 0x0000000100000000)
  eden space 20992K, 0% used [0x00000000d5f00000,0x00000000d5f00000,0x00000000d7380000)
  from space 2048K, 72% used [0x00000000d7380000,0x00000000d74f4a80,0x00000000d7580000)
  to   space 2048K, 0% used [0x00000000d8200000,0x00000000d8200000,0x00000000d8400000)
 ParOldGen       total 129536K, used 8662K [0x0000000081c00000, 0x0000000089a80000, 0x00000000d5f00000)
  object space 129536K, 6% used [0x0000000081c00000,0x0000000082475978,0x0000000089a80000)
 Metaspace       used 20868K, capacity 21034K, committed 21248K, reserved 1067008K
  class space    used 2920K, capacity 2981K, committed 3072K, reserved 1048576K
}
Event: 2.929 GC heap before
{Heap before GC invocations=14 (full 1):
 PSYoungGen      total 23040K, used 1490K [0x00000000d5f00000, 0x00000000d8400000, 0x0000000100000000)
  eden space 20992K, 0% used [0x00000000d5f00000,0x00000000d5f00000,0x00000000d7380000)
  from space 2048K, 72% used [0x00000000d7380000,0x00000000d74f4a80,0x00000000d7580000)
  to   space 2048K, 0% used [0x00000000d8200000,0x00000000d8200000,0x00000000d8400000)
 ParOldGen       total 129536K, used 8662K [0x0000000081c00000, 0x0000000089a80000, 0x00000000d5f00000)
  object space 129536K, 6% used [0x0000000081c00000,0x0000000082475978,0x0000000089a80000)
 Metaspace       used 20868K, capacity 21034K, committed 21248K, reserved 1067008K
  class space    used 2920K, capacity 2981K, committed 3072K, reserved 1048576K
Event: 3.008 GC heap after
Heap after GC invocations=14 (full 1):
 PSYoungGen      total 23040K, used 0K [0x00000000d5f00000, 0x00000000d8400000, 0x0000000100000000)
  eden space 20992K, 0% used [0x00000000d5f00000,0x00000000d5f00000,0x00000000d7380000)
  from space 2048K, 0% used [0x00000000d7380000,0x00000000d7380000,0x00000000d7580000)
  to   space 2048K, 0% used [0x00000000d8200000,0x00000000d8200000,0x00000000d8400000)
 ParOldGen       total 13312K, used 9776K [0x0000000081c00000, 0x0000000082900000, 0x00000000d5f00000)
  object space 13312K, 73% used [0x0000000081c00000,0x000000008258c1c8,0x0000000082900000)
 Metaspace       used 20868K, capacity 21034K, committed 21248K, reserved 1067008K
  class space    used 2920K, capacity 2981K, committed 3072K, reserved 1048576K
}
Event: 3.801 GC heap before
{Heap before GC invocations=15 (full 1):
 PSYoungGen      total 23040K, used 20992K [0x00000000d5f00000, 0x00000000d8400000, 0x0000000100000000)
  eden space 20992K, 100% used [0x00000000d5f00000,0x00000000d7380000,0x00000000d7380000)
  from space 2048K, 0% used [0x00000000d7380000,0x00000000d7380000,0x00000000d7580000)
  to   space 2048K, 0% used [0x00000000d8200000,0x00000000d8200000,0x00000000d8400000)
 ParOldGen       total 13312K, used 9776K [0x0000000081c00000, 0x0000000082900000, 0x00000000d5f00000)
  object space 13312K, 73% used [0x0000000081c00000,0x000000008258c1c8,0x0000000082900000)
 Metaspace       used 21981K, capacity 22154K, committed 22400K, reserved 1069056K
  class space    used 3016K, capacity 3077K, committed 3200K, reserved 1048576K
Event: 3.804 GC heap after
Heap after GC invocations=15 (full 1):
 PSYoungGen      total 30208K, used 1131K [0x00000000d5f00000, 0x00000000d8380000, 0x0000000100000000)
  eden space 28672K, 0% used [0x00000000d5f00000,0x00000000d5f00000,0x00000000d7b00000)
  from space 1536K, 73% used [0x00000000d8200000,0x00000000d831ae70,0x00000000d8380000)
  to   space 2048K, 0% used [0x00000000d7f80000,0x00000000d7f80000,0x00000000d8180000)
 ParOldGen       total 13312K, used 11832K [0x0000000081c00000, 0x0000000082900000, 0x00000000d5f00000)
  object space 13312K, 88% used [0x0000000081c00000,0x000000008278e1d8,0x0000000082900000)
 Metaspace       used 21981K, capacity 22154K, committed 22400K, reserved 1069056K
  class space    used 3016K, capacity 3077K, committed 3200K, reserved 1048576K
}
Event: 3.804 GC heap before
{Heap before GC invocations=16 (full 2):
 PSYoungGen      total 30208K, used 1131K [0x00000000d5f00000, 0x00000000d8380000, 0x0000000100000000)
  eden space 28672K, 0% used [0x00000000d5f00000,0x00000000d5f00000,0x00000000d7b00000)
  from space 1536K, 73% used [0x00000000d8200000,0x00000000d831ae70,0x00000000d8380000)
  to   space 2048K, 0% used [0x00000000d7f80000,0x00000000d7f80000,0x00000000d8180000)
 ParOldGen       total 13312K, used 11832K [0x0000000081c00000, 0x0000000082900000, 0x00000000d5f00000)
  object space 13312K, 88% used [0x0000000081c00000,0x000000008278e1d8,0x0000000082900000)
 Metaspace       used 21981K, capacity 22154K, committed 22400K, reserved 1069056K
  class space    used 3016K, capacity 3077K, committed 3200K, reserved 1048576K
Event: 3.848 GC heap after
Heap after GC invocations=16 (full 2):
 PSYoungGen      total 30208K, used 0K [0x00000000d5f00000, 0x00000000d8380000, 0x0000000100000000)
  eden space 28672K, 0% used [0x00000000d5f00000,0x00000000d5f00000,0x00000000d7b00000)
  from space 1536K, 0% used [0x00000000d8200000,0x00000000d8200000,0x00000000d8380000)
  to   space 2048K, 0% used [0x00000000d7f80000,0x00000000d7f80000,0x00000000d8180000)
 ParOldGen       total 17408K, used 12484K [0x0000000081c00000, 0x0000000082d00000, 0x00000000d5f00000)
  object space 17408K, 71% used [0x0000000081c00000,0x0000000082831160,0x0000000082d00000)
 Metaspace       used 21981K, capacity 22154K, committed 22400K, reserved 1069056K
  class space    used 3016K, capacity 3077K, committed 3200K, reserved 1048576K
}

Deoptimization events (10 events):
Event: 3.376 Thread 0x00000000598bb800 Uncommon trap: reason=class_check action=maybe_recompile pc=0x0000000002d2a3b0 method=javafx.scene.Node.isVisible()Z @ 15
Event: 3.658 Thread 0x00000000598bb800 Uncommon trap: reason=class_check action=maybe_recompile pc=0x0000000002e43768 method=javafx.scene.Node$NodeTransformation.getRotate()D @ 15
Event: 3.658 Thread 0x00000000598bb800 Uncommon trap: reason=class_check action=maybe_recompile pc=0x0000000002e43768 method=javafx.scene.Node$NodeTransformation.getRotate()D @ 15
Event: 3.658 Thread 0x00000000598bb800 Uncommon trap: reason=class_check action=maybe_recompile pc=0x0000000002e43768 method=javafx.scene.Node$NodeTransformation.getRotate()D @ 15
Event: 3.658 Thread 0x00000000598bb800 Uncommon trap: reason=class_check action=maybe_recompile pc=0x0000000002e43768 method=javafx.scene.Node$NodeTransformation.getRotate()D @ 15
Event: 3.968 Thread 0x0000000059bae800 Uncommon trap: reason=class_check action=maybe_recompile pc=0x0000000002abc890 method=java.util.Arrays.binarySearch0([Ljava/lang/Object;IILjava/lang/Object;Ljava/util/Comparator;)I @ 48
Event: 3.968 Thread 0x0000000059bae800 Uncommon trap: reason=class_check action=maybe_recompile pc=0x0000000002abc890 method=java.util.Arrays.binarySearch0([Ljava/lang/Object;IILjava/lang/Object;Ljava/util/Comparator;)I @ 48
Event: 3.969 Thread 0x0000000059bae800 Uncommon trap: reason=class_check action=maybe_recompile pc=0x0000000002abc890 method=java.util.Arrays.binarySearch0([Ljava/lang/Object;IILjava/lang/Object;Ljava/util/Comparator;)I @ 48
Event: 3.970 Thread 0x0000000059bae800 Uncommon trap: reason=class_check action=maybe_recompile pc=0x0000000002abc890 method=java.util.Arrays.binarySearch0([Ljava/lang/Object;IILjava/lang/Object;Ljava/util/Comparator;)I @ 48
Event: 9.694 Thread 0x000000005874b800 Uncommon trap: reason=unreached action=reinterpret pc=0x0000000002edd38c method=sun.java2d.SunGraphics2D.validateColor()V @ 38

Internal exceptions (10 events):
Event: 1.960 Thread 0x000000000201f000 Exception <a 'java/security/PrivilegedActionException'> (0x00000000d63e6088) thrown at [C:\re\workspace\8-2-build-windows-amd64-cygwin\jdk8u11\648\hotspot\src\share\vm\prims\jvm.cpp, line 1248]
Event: 1.970 Thread 0x000000000201f000 Exception <a 'java/lang/NoSuchMethodError': <clinit>> (0x00000000d63efae8) thrown at [C:\re\workspace\8-2-build-windows-amd64-cygwin\jdk8u11\648\hotspot\src\share\vm\prims\jni.cpp, line 1599]
Event: 1.994 Thread 0x000000000201f000 Exception <a 'java/lang/NoSuchMethodError': <clinit>> (0x00000000d67fed18) thrown at [C:\re\workspace\8-2-build-windows-amd64-cygwin\jdk8u11\648\hotspot\src\share\vm\prims\jni.cpp, line 1599]
Event: 2.908 Thread 0x00000000598bb800 Exception <a 'java/security/PrivilegedActionException'> (0x00000000d7038898) thrown at [C:\re\workspace\8-2-build-windows-amd64-cygwin\jdk8u11\648\hotspot\src\share\vm\prims\jvm.cpp, line 1248]
Event: 13.556 Thread 0x0000000059ddf000 Exception <a 'java/net/SocketException': socket closed> (0x00000000d7478f58) thrown at [C:\re\workspace\8-2-build-windows-amd64-cygwin\jdk8u11\648\hotspot\src\share\vm\prims\jni.cpp, line 742]
Event: 13.556 Thread 0x000000005874b800 JVM_StopThread thread JavaThread 0x0000000059ddf000 as oop 0x00000000824501a0 [exception 0x000000005ab8c590]
Event: 13.557 Thread 0x000000005874b800 JVM_StopThread thread JavaThread 0x0000000059ddf000 as oop 0x00000000824501a0 [exception 0x000000005ab8c5e8]
Event: 13.557 Thread 0x0000000059ddf000 Exception <a 'java/lang/ThreadDeath'> (0x00000000d7474640) thrown at [C:\re\workspace\8-2-build-windows-amd64-cygwin\jdk8u11\648\hotspot\src\share\vm\prims\jni.cpp, line 716]
Event: 13.557 Thread 0x000000005874b800 Exception <a 'java/lang/NullPointerException'> (0x00000000d7474cc0) thrown at [C:\re\workspace\8-2-build-windows-amd64-cygwin\jdk8u11\648\hotspot\src\share\vm\interpreter\linkResolver.cpp, line 1169]
Event: 13.558 Thread 0x000000005874b800 Exception <a 'java/security/PrivilegedActionException'> (0x00000000d7475638) thrown at [C:\re\workspace\8-2-build-windows-amd64-cygwin\jdk8u11\648\hotspot\src\share\vm\prims\jvm.cpp, line 1248]

Events (10 events):
Event: 13.557 Executing VM operation: ThreadStop done
Event: 13.557 loading class comm/SerialConnectionException
Event: 13.557 loading class comm/SerialConnectionException done
Event: 13.557 Thread 0x000000005874b800 DEOPT PACKING pc=0x00000000028f2939 sp=0x000000005ab8a210
Event: 13.557 Thread 0x000000005874b800 DEOPT UNPACKING pc=0x0000000002607604 sp=0x000000005ab89f80 mode 1
Event: 13.557 Thread 0x000000005874b800 DEOPT PACKING pc=0x00000000028f3114 sp=0x000000005ab8a2b0
Event: 13.557 Thread 0x000000005874b800 DEOPT UNPACKING pc=0x0000000002607604 sp=0x000000005ab89fe0 mode 1
Event: 13.558 Thread 0x000000005874b800 DEOPT PACKING pc=0x00000000028baa54 sp=0x000000005ab8ae90
Event: 13.558 Thread 0x000000005874b800 DEOPT UNPACKING pc=0x0000000002607604 sp=0x000000005ab8abd8 mode 1
Event: 13.558 Executing VM operation: RevokeBias


Dynamic libraries:
0x000000013fcf0000 - 0x000000013fd24000 	C:\Program Files\Java\jdk1.8.0_11\bin\java.exe
0x00000000779f0000 - 0x0000000077b99000 	C:\Windows\SYSTEM32\ntdll.dll
0x00000000778d0000 - 0x00000000779ef000 	C:\Windows\system32\kernel32.dll
0x000007fefdb10000 - 0x000007fefdb7c000 	C:\Windows\system32\KERNELBASE.dll
0x000007fefe4f0000 - 0x000007fefe5cb000 	C:\Windows\system32\ADVAPI32.dll
0x000007fefe900000 - 0x000007fefe99f000 	C:\Windows\system32\msvcrt.dll
0x000007fefddd0000 - 0x000007fefddef000 	C:\Windows\SYSTEM32\sechost.dll
0x000007feff9f0000 - 0x000007feffb1d000 	C:\Windows\system32\RPCRT4.dll
0x00000000777d0000 - 0x00000000778ca000 	C:\Windows\system32\USER32.dll
0x000007feff940000 - 0x000007feff9a7000 	C:\Windows\system32\GDI32.dll
0x000007feff9b0000 - 0x000007feff9be000 	C:\Windows\system32\LPK.dll
0x000007feffbd0000 - 0x000007feffc99000 	C:\Windows\system32\USP10.dll
0x000007fefc9e0000 - 0x000007fefcbd4000 	C:\Windows\WinSxS\amd64_microsoft.windows.common-controls_6595b64144ccf1df_6.0.7601.17514_none_fa396087175ac9ac\COMCTL32.dll
0x000007fefdcb0000 - 0x000007fefdd21000 	C:\Windows\system32\SHLWAPI.dll
0x000007feff9c0000 - 0x000007feff9ee000 	C:\Windows\system32\IMM32.DLL
0x000007fefe200000 - 0x000007fefe309000 	C:\Windows\system32\MSCTF.dll
0x0000000075590000 - 0x00000000755c8000 	C:\PROGRA~2\Sophos\SOPHOS~1\SOPHOS~2.DLL
0x0000000077bb0000 - 0x0000000077bb7000 	C:\Windows\system32\PSAPI.DLL
0x0000000074830000 - 0x0000000074902000 	C:\Program Files\Java\jdk1.8.0_11\jre\bin\msvcr100.dll
0x0000000069400000 - 0x0000000069c2a000 	C:\Program Files\Java\jdk1.8.0_11\jre\bin\server\jvm.dll
0x000007fef9a90000 - 0x000007fef9a99000 	C:\Windows\system32\WSOCK32.dll
0x000007fefdbe0000 - 0x000007fefdc2d000 	C:\Windows\system32\WS2_32.dll
0x000007feffbc0000 - 0x000007feffbc8000 	C:\Windows\system32\NSI.dll
0x000007fefb4b0000 - 0x000007fefb4eb000 	C:\Windows\system32\WINMM.dll
0x0000000075440000 - 0x000000007544f000 	C:\Program Files\Java\jdk1.8.0_11\jre\bin\verify.dll
0x0000000075380000 - 0x00000000753a8000 	C:\Program Files\Java\jdk1.8.0_11\jre\bin\java.dll
0x00000000743c0000 - 0x00000000743f5000 	C:\Program Files\Java\jdk1.8.0_11\jre\bin\jdwp.dll
0x0000000074d50000 - 0x0000000074d58000 	C:\Program Files\Java\jdk1.8.0_11\jre\bin\npt.dll
0x0000000074fe0000 - 0x0000000074ff6000 	C:\Program Files\Java\jdk1.8.0_11\jre\bin\zip.dll
0x000007fefe9a0000 - 0x000007feff728000 	C:\Windows\system32\SHELL32.dll
0x000007feff730000 - 0x000007feff933000 	C:\Windows\system32\ole32.dll
0x000007fefd830000 - 0x000007fefd83f000 	C:\Windows\system32\profapi.dll
0x0000000074e90000 - 0x0000000074e9b000 	C:\Program Files\Java\jdk1.8.0_11\jre\bin\dt_shmem.dll
0x00000000744b0000 - 0x0000000074646000 	C:\Program Files\Java\jdk1.8.0_11\jre\bin\awt.dll
0x000007fefe5f0000 - 0x000007fefe6c7000 	C:\Windows\system32\OLEAUT32.dll
0x000007fefba40000 - 0x000007fefba58000 	C:\Windows\system32\DWMAPI.DLL
0x000007fefbd80000 - 0x000007fefbdd6000 	C:\Windows\system32\uxtheme.dll
0x000007fefd6c0000 - 0x000007fefd6cf000 	C:\Windows\system32\CRYPTBASE.dll
0x0000000074f50000 - 0x0000000074f97000 	C:\Program Files\Java\jdk1.8.0_11\jre\bin\fontmanager.dll
0x0000000074fc0000 - 0x0000000074fda000 	C:\Program Files\Java\jdk1.8.0_11\jre\bin\net.dll
0x000007fefc430000 - 0x000007fefc45d000 	C:\ProgramData\Sophos\Web Intelligence\swi_ifslsp_64.dll
0x000007fefc750000 - 0x000007fefc75c000 	C:\Windows\system32\VERSION.dll
0x000007fefd000000 - 0x000007fefd055000 	C:\Windows\system32\mswsock.dll
0x000007fefcff0000 - 0x000007fefcff7000 	C:\Windows\System32\wship6.dll
0x0000000074fa0000 - 0x0000000074fb1000 	C:\Program Files\Java\jdk1.8.0_11\jre\bin\nio.dll
0x0000000074dd0000 - 0x0000000074e11000 	C:\Program Files\Java\jdk1.8.0_11\jre\bin\t2k.dll
0x00000000747d0000 - 0x00000000747fb000 	C:\Program Files\Java\jdk1.8.0_11\jre\bin\prism_d3d.dll
0x000007fef6c30000 - 0x000007fef6e2f000 	C:\Windows\system32\d3d9.dll
0x000007fefadf0000 - 0x000007fefadf7000 	C:\Windows\system32\d3d8thk.dll
0x000007fece6b0000 - 0x000007fecf2cf000 	C:\Windows\system32\igdumd64.dll
0x0000000074380000 - 0x00000000743bf000 	C:\Program Files\Java\jdk1.8.0_11\jre\bin\glass.dll
0x000007feffb20000 - 0x000007feffbb7000 	C:\Windows\system32\COMDLG32.dll
0x000007fefdd30000 - 0x000007fefddc9000 	C:\Windows\system32\CLBCatQ.DLL
0x000007fefb7c0000 - 0x000007fefb921000 	C:\Windows\system32\WindowsCodecs.dll
0x000007fefd660000 - 0x000007fefd6b7000 	C:\Windows\system32\apphelp.dll
0x000007fef56b0000 - 0x000007fef56ec000 	C:\Users\dernehl\AppData\Local\Microsoft\SkyDrive\16.4.6013.0910\amd64\SkyDriveShell64.dll
0x000007fef5600000 - 0x000007fef56a7000 	C:\Users\dernehl\AppData\Local\Microsoft\SkyDrive\16.4.6013.0910\amd64\MSVCP110.dll
0x000007fef5530000 - 0x000007fef55fe000 	C:\Users\dernehl\AppData\Local\Microsoft\SkyDrive\16.4.6013.0910\amd64\MSVCR110.dll
0x000007fefe6d0000 - 0x000007fefe900000 	C:\Windows\system32\WININET.dll
0x000007fefdb90000 - 0x000007fefdb94000 	C:\Windows\system32\api-ms-win-downlevel-user32-l1-1-0.dll
0x000007fefdb80000 - 0x000007fefdb84000 	C:\Windows\system32\api-ms-win-downlevel-shlwapi-l1-1-0.dll
0x000007fefd8a0000 - 0x000007fefd8a4000 	C:\Windows\system32\api-ms-win-downlevel-version-l1-1-0.dll
0x000007fefda30000 - 0x000007fefda33000 	C:\Windows\system32\api-ms-win-downlevel-normaliz-l1-1-0.dll
0x0000000077bc0000 - 0x0000000077bc3000 	C:\Windows\system32\normaliz.DLL
0x000007fefdf50000 - 0x000007fefe1fa000 	C:\Windows\system32\iertutil.dll
0x000007fefdb00000 - 0x000007fefdb05000 	C:\Windows\system32\api-ms-win-downlevel-advapi32-l1-1-0.dll
0x000007fefdae0000 - 0x000007fefdafe000 	C:\Windows\system32\USERENV.dll
0x000000006ec80000 - 0x000000006ec96000 	C:\Program Files\Common Files\TortoiseOverlays\TortoiseOverlays.dll
0x000000006ec70000 - 0x000000006ec80000 	C:\Program Files\TortoiseSVN\bin\TortoiseStub.dll
0x000000006ebf0000 - 0x000000006ec6b000 	C:\Program Files\TortoiseSVN\bin\TortoiseSVN.dll
0x000007fef5160000 - 0x000007fef552e000 	C:\Program Files\TortoiseSVN\bin\libsvn_tsvn.dll
0x000000006ebc0000 - 0x000000006ebeb000 	C:\Program Files\TortoiseSVN\bin\libapr_tsvn.dll
0x000000006eb70000 - 0x000000006ebb1000 	C:\Program Files\TortoiseSVN\bin\libaprutil_tsvn.dll
0x000007feffca0000 - 0x000007feffcf2000 	C:\Windows\system32\WLDAP32.dll
0x000007fef5940000 - 0x000007fef5950000 	C:\Program Files\TortoiseSVN\bin\intl3_tsvn.dll
0x000007fef5920000 - 0x000007fef593a000 	C:\Program Files\TortoiseSVN\bin\libsasl.dll
0x000007fefd460000 - 0x000007fefd46b000 	C:\Windows\system32\Secur32.dll
0x000007fefd630000 - 0x000007fefd655000 	C:\Windows\system32\SSPICLI.DLL
0x000007fefd8b0000 - 0x000007fefda1c000 	C:\Windows\system32\CRYPT32.dll
0x000007fefd820000 - 0x000007fefd82f000 	C:\Windows\system32\MSASN1.dll
0x000000006f930000 - 0x000000006f9c8000 	C:\Windows\system32\MSVCP100.dll
0x000007fef5120000 - 0x000007fef5155000 	C:\Windows\system32\EhStorShell.dll
0x000007fefe310000 - 0x000007fefe4e7000 	C:\Windows\system32\SETUPAPI.dll
0x000007fefdba0000 - 0x000007fefdbd6000 	C:\Windows\system32\CFGMGR32.dll
0x000007fefd880000 - 0x000007fefd89a000 	C:\Windows\system32\DEVOBJ.dll
0x000007fefba60000 - 0x000007fefbb8c000 	C:\Windows\system32\PROPSYS.dll
0x000007fef3840000 - 0x000007fef3eaf000 	C:\PROGRA~1\MICROS~1\Office14\GROOVEEX.DLL
0x000000006eac0000 - 0x000000006eb63000 	C:\Windows\WinSxS\amd64_microsoft.vc90.crt_1fc8b3b9a1e18e3b_9.0.30729.6161_none_08e61857a83bc251\MSVCR90.dll
0x000000006e9e0000 - 0x000000006eab3000 	C:\Windows\WinSxS\amd64_microsoft.vc90.crt_1fc8b3b9a1e18e3b_9.0.30729.6161_none_08e61857a83bc251\MSVCP90.dll
0x000000006e9b0000 - 0x000000006e9df000 	C:\Windows\WinSxS\amd64_microsoft.vc90.atl_1fc8b3b9a1e18e3b_9.0.30729.6161_none_0a1fd3a3a768b895\ATL90.DLL
0x000007fef4d00000 - 0x000007fef511a000 	C:\PROGRA~1\COMMON~1\MICROS~1\OFFICE14\Cultures\office.odf
0x000007fef2fb0000 - 0x000007fef383b000 	C:\PROGRA~1\MICROS~1\Office14\1031\GrooveIntlResource.dll
0x00000000747b0000 - 0x00000000747c3000 	C:\Program Files\Java\jdk1.8.0_11\jre\bin\javafx_font.dll
0x000007fed49f0000 - 0x000007fed4b86000 	C:\Windows\system32\dwrite.dll
0x0000000074da0000 - 0x0000000074dca000 	C:\Program Files\Java\jdk1.8.0_11\jre\bin\dcpr.dll
0x0000000074360000 - 0x0000000074371000 	C:\Program Files\Java\jdk1.8.0_11\jre\bin\prism_common.dll
0x000007fed4b90000 - 0x000007fed4f54000 	C:\Windows\system32\d2d1.dll
0x000007fef5cb0000 - 0x000007fef5e85000 	C:\Windows\system32\d3d11.dll
0x000007fef5ea0000 - 0x000007fef5efd000 	C:\Windows\system32\dxgi.dll
0x000007fed4770000 - 0x000007fed49e9000 	C:\Windows\system32\D3D10Warp.dll
0x000007fef5af0000 - 0x000007fef5b14000 	C:\Windows\system32\DXGIDebug.dll
0x000007fefd840000 - 0x000007fefd87a000 	C:\Windows\system32\WINTRUST.dll
0x000007fef6510000 - 0x000007fef6635000 	C:\Windows\system32\dbghelp.dll

VM Arguments:
jvm_args: -Xdebug -Xrunjdwp:transport=dt_shmem,address=javadebug -Dfile.encoding=UTF-8 
java_command: gui.app.FrameApp
java_class_path (initial): C:\Users\dernehl\Documents\UMN\uav\trunk\GroundStation\OpenUGS\lib\jmatio.jar;C:\Users\dernehl\Documents\UMN\uav\trunk\GroundStation\64 bit java files\RXTXcomm.jar;C:\Users\dernehl\Documents\UMN\uav\trunk\GroundStation\OpenUGS\lib\worldwind\comm.jar;C:\Users\dernehl\Documents\UMN\uav\trunk\GroundStation\OpenUGS\lib\worldwind\gluegen-rt.jar;C:\Users\dernehl\Documents\UMN\uav\trunk\GroundStation\OpenUGS\lib\worldwind\jogl.jar;C:\Users\dernehl\Documents\UMN\uav\trunk\GroundStation\OpenUGS\lib\worldwind\worldwind.jar;C:\Users\dernehl\Documents\UMN\uav\trunk\GroundStation\OpenUGS\build\classes;C:\Users\dernehl\Documents\UMN\uav\trunk\GroundStation\OpenUGS\lib
Launcher Type: SUN_STANDARD

Environment Variables:
PATH=C:\Perl64\site\bin;C:\Perl64\bin;C:\Program Files\Common Files\Microsoft Shared\Windows Live;C:\Program Files (x86)\Common Files\Microsoft Shared\Windows Live;C:\Windows\system32;C:\Windows;C:\Windows\System32\Wbem;C:\Windows\System32\WindowsPowerShell\v1.0\;C:\Program Files\TortoiseSVN\bin;C:\Program Files\Intel\WiFi\bin\;C:\Program Files\Common Files\Intel\WirelessCommon\;C:\Program Files (x86)\Intel\Services\IPT\;C:\Program Files\doxygen\bin;C:\Program Files (x86)\Graphviz 2.28\bin;c:\Program Files (x86)\Microsoft SQL Server\100\Tools\Binn\;c:\Program Files\Microsoft SQL Server\100\Tools\Binn\;c:\Program Files\Microsoft SQL Server\100\DTS\Binn\;C:\Program Files (x86)\MiKTeX 2.9\miktex\bin\;C:\Program Files\Microsoft Windows Performance Toolkit\;C:\Program Files (x86)\Windows Live\Shared;C:\Program Files (x86)\CMake 2.8\bin;C:\Program Files (x86)\GNU\GnuPG\pub;C:\Python27;C:\Python27\DLLs;C:\Users\dernehl\Downloads\z3_64\bin;C:\Program Files (x86)\QuickTime\QTSystem\;C:\Program Files (x86)\Windows Kits\8.1\Windows Performance Toolkit\;C:\Program Files\Microsoft SQL Server\110\Tools\Bin\;C:\Program Files (x86)\Intel\OpenCL SDK\2.0\bin\x86;C:\Program Files (x86)\Intel\OpenCL SDK\2.0\bin\x64;C:\Program Files\MATLAB\R2014a\runtime\win64;C:\Program Files\MATLAB\R2014a\bin;C:\Program Files\MATLAB\R2014a\bin\win64;C:\Program Files\MATLAB\R2013b\runtime\win64;C:\Program Files\MATLAB\R2013b\bin;C:\Program Files\Google\Google Apps Sync\;C:\Program Files\Google\Google Apps Migration\;C:\Program Files\Intel\WiFi\bin\;C:\Program Files\Common Files\Intel\WirelessCommon\;C:\MinGW\bin;C:\msys\1.0\bin;
USERNAME=dernehl
OS=Windows_NT
PROCESSOR_IDENTIFIER=Intel64 Family 6 Model 42 Stepping 7, GenuineIntel



---------------  S Y S T E M  ---------------

OS: Windows 7 , 64 bit Build 7601 Service Pack 1

CPU:total 4 (2 cores per cpu, 2 threads per core) family 6 model 42 stepping 7, cmov, cx8, fxsr, mmx, sse, sse2, sse3, ssse3, sse4.1, sse4.2, popcnt, avx, aes, clmul, ht, tsc, tscinvbit

Memory: 4k page, physical 8269040k(3354272k free), swap 16536216k(11542640k free)

vm_info: Java HotSpot(TM) 64-Bit Server VM (25.11-b03) for windows-amd64 JRE (1.8.0_11-b12), built on Jun 16 2014 20:57:32 by "java_re" with MS VC++ 10.0 (VS2010)

time: Tue Aug 05 14:06:55 2014
elapsed time: 13 seconds

