#
# A fatal error has been detected by the Java Runtime Environment:
#
#  Internal Error (exceptions.cpp:417), pid=46784, tid=47280
#  fatal error: ExceptionMark destructor expects no pending exceptions
#
# JRE version: Java(TM) SE Runtime Environment (8.0_11-b12) (build 1.8.0_11-b12)
# Java VM: Java HotSpot(TM) 64-Bit Server VM (25.11-b03 mixed mode windows-amd64 compressed oops)
# Failed to write core dump. Minidumps are not enabled by default on client versions of Windows
#
# If you would like to submit a bug report, please visit:
#   http://bugreport.sun.com/bugreport/crash.jsp
#

---------------  T H R E A D  ---------------

Current thread (0x000000005bd20800):  JavaThread "Thread-7" [_thread_in_vm, id=47280, stack(0x0000000060650000,0x0000000060750000)]

Stack: [0x0000000060650000,0x0000000060750000]
Native frames: (J=compiled Java code, j=interpreted, Vv=VM code, C=native code)
V  [jvm.dll+0x308eca]
V  [jvm.dll+0x25e121]
V  [jvm.dll+0x25ed33]
V  [jvm.dll+0x256686]
V  [jvm.dll+0x2571db]
V  [jvm.dll+0x1a3126]
V  [jvm.dll+0xa96e1]
C  0x00000000026546bf

Java frames: (J=compiled Java code, j=interpreted, Vv=VM code)
j  java.net.DatagramSocket.receive(Ljava/net/DatagramPacket;)V+304
j  net.udp.server.UDPServer.run()V+57
v  ~StubRoutines::call_stub

---------------  P R O C E S S  ---------------

Java Threads: ( => current thread )
  0x000000005bd26800 JavaThread "Prism Font Disposer" daemon [_thread_blocked, id=41076, stack(0x0000000062440000,0x0000000062540000)]
  0x000000005bd23000 JavaThread "DestroyJavaVM" [_thread_blocked, id=46208, stack(0x0000000002270000,0x0000000002370000)]
  0x000000005bd22000 JavaThread "Thread-6" [_thread_blocked, id=47200, stack(0x0000000060a80000,0x0000000060b80000)]
  0x000000005bd21800 JavaThread "TimerQueue" daemon [_thread_blocked, id=44720, stack(0x00000000607f0000,0x00000000608f0000)]
=>0x000000005bd20800 JavaThread "Thread-7" [_thread_in_vm, id=47280, stack(0x0000000060650000,0x0000000060750000)]
  0x000000005a5fd800 JavaThread "Thread-4" [_thread_blocked, id=48064, stack(0x000000005f000000,0x000000005f100000)]
  0x000000005a8e2000 JavaThread "Thread-3" daemon [_thread_in_native, id=45300, stack(0x000000005edf0000,0x000000005eef0000)]
  0x000000005a8c3000 JavaThread "JavaFX Application Thread" [_thread_in_native, id=45532, stack(0x000000005ce80000,0x000000005cf80000)]
  0x000000005a8c2000 JavaThread "Thread-2" daemon [_thread_blocked, id=47032, stack(0x000000005ca20000,0x000000005cb20000)]
  0x000000005a358800 JavaThread "QuantumRenderer-0" daemon [_thread_blocked, id=35164, stack(0x000000005cb50000,0x000000005cc50000)]
  0x000000005a1b3000 JavaThread "org.netbeans.modules.debugger.jpda.visual AWT Access Loop" daemon [_thread_blocked, id=48180, stack(0x000000005b710000,0x000000005b810000)]
  0x0000000058913800 JavaThread "AWT-EventQueue-0" [_thread_blocked, id=48148, stack(0x000000005af00000,0x000000005b000000)]
  0x000000005a433000 JavaThread "AWT-Windows" daemon [_thread_in_native, id=48132, stack(0x000000005ad80000,0x000000005ae80000)]
  0x00000000588fd000 JavaThread "AWT-Shutdown" [_thread_blocked, id=48200, stack(0x000000005ab90000,0x000000005ac90000)]
  0x00000000588fc800 JavaThread "Java2D Disposer" daemon [_thread_blocked, id=48244, stack(0x000000005a9d0000,0x000000005aad0000)]
  0x0000000058667800 JavaThread "Service Thread" daemon [_thread_blocked, id=48388, stack(0x00000000595c0000,0x00000000596c0000)]
  0x00000000585f3800 JavaThread "C1 CompilerThread2" daemon [_thread_blocked, id=46624, stack(0x0000000059360000,0x0000000059460000)]
  0x00000000585f1800 JavaThread "C2 CompilerThread1" daemon [_thread_blocked, id=48248, stack(0x00000000591a0000,0x00000000592a0000)]
  0x00000000585ec800 JavaThread "C2 CompilerThread0" daemon [_thread_blocked, id=46368, stack(0x0000000058f70000,0x0000000059070000)]
  0x00000000585de800 JavaThread "JDWP Command Reader" daemon [_thread_in_native, id=48172, stack(0x0000000058bb0000,0x0000000058cb0000)]
  0x00000000585dd000 JavaThread "JDWP Event Helper Thread" daemon [_thread_blocked, id=48196, stack(0x0000000059070000,0x0000000059170000)]
  0x00000000573ca800 JavaThread "JDWP Transport Listener: dt_shmem" daemon [_thread_blocked, id=36356, stack(0x0000000058e60000,0x0000000058f60000)]
  0x00000000585d3000 JavaThread "Attach Listener" daemon [_thread_blocked, id=46396, stack(0x0000000058cd0000,0x0000000058dd0000)]
  0x00000000585d0800 JavaThread "Signal Dispatcher" daemon [_thread_blocked, id=46908, stack(0x0000000058a20000,0x0000000058b20000)]
  0x000000005735f800 JavaThread "Finalizer" daemon [_thread_blocked, id=46904, stack(0x00000000582b0000,0x00000000583b0000)]
  0x000000005735a800 JavaThread "Reference Handler" daemon [_thread_blocked, id=47784, stack(0x00000000584d0000,0x00000000585d0000)]

Other Threads:
  0x0000000057357000 VMThread [stack: 0x00000000583b0000,0x00000000584b0000] [id=40048]
  0x000000005866a000 WatcherThread [stack: 0x0000000059760000,0x0000000059860000] [id=48152]

VM state:synchronizing (normal execution)

VM Mutex/Monitor currently owned by a thread:  ([mutex/lock_event])
[0x0000000001ea8880] Threads_lock - owner thread: 0x0000000057357000

Heap:
 PSYoungGen      total 53760K, used 5557K [0x00000000d5f00000, 0x00000000d9a00000, 0x0000000100000000)
  eden space 47104K, 11% used [0x00000000d5f00000,0x00000000d644d5e0,0x00000000d8d00000)
  from space 6656K, 1% used [0x00000000d9380000,0x00000000d93a0000,0x00000000d9a00000)
  to   space 6656K, 0% used [0x00000000d8d00000,0x00000000d8d00000,0x00000000d9380000)
 ParOldGen       total 19456K, used 12490K [0x0000000081c00000, 0x0000000082f00000, 0x00000000d5f00000)
  object space 19456K, 64% used [0x0000000081c00000,0x0000000082832958,0x0000000082f00000)
 Metaspace       used 22786K, capacity 23024K, committed 23168K, reserved 1069056K
  class space    used 3076K, capacity 3174K, committed 3200K, reserved 1048576K

Card table byte_map: [0x0000000011a00000,0x0000000011e00000] byte_map_base: 0x00000000115f2000

Marking Bits: (ParMarkBitMap*) 0x000000005a0812b0
 Begin Bits: [0x00000000126b0000, 0x0000000014640000)
 End Bits:   [0x0000000014640000, 0x00000000165d0000)

Polling page: 0x0000000000340000

CodeCache: size=245760Kb used=11795Kb max_used=11803Kb free=233964Kb
 bounds [0x0000000002640000, 0x00000000031e0000, 0x0000000011640000]
 total_blobs=4305 nmethods=3541 adapters=684
 compilation: enabled

Compilation events (10 events):
Event: 40.800 Thread 0x00000000585f3800 3676       3       sun.swing.MenuItemLayoutHelper$RectSize::access$202 (7 bytes)
Event: 40.800 Thread 0x00000000585f3800 nmethod 3676 0x00000000031cf110 code [0x00000000031cf260, 0x00000000031cf390]
Event: 40.900 Thread 0x00000000585f3800 3677       3       sun.swing.MenuItemLayoutHelper::alignRect (26 bytes)
Event: 40.900 Thread 0x00000000585f3800 nmethod 3677 0x00000000031ced50 code [0x00000000031ceea0, 0x00000000031cf050]
Event: 41.016 Thread 0x00000000585f1800 3678       4       sun.awt.AWTAutoShutdown::isReadyToShutdown (37 bytes)
Event: 41.017 Thread 0x00000000585f1800 nmethod 3678 0x00000000031d0b10 code [0x00000000031d0c60, 0x00000000031d0d58]
Event: 41.196 Thread 0x00000000585f3800 3679       3       java.lang.reflect.Executable::<init> (5 bytes)
Event: 41.197 Thread 0x00000000585f3800 nmethod 3679 0x00000000031afe90 code [0x00000000031b0000, 0x00000000031b01f0]
Event: 41.197 Thread 0x00000000585f3800 3680       3       java.awt.Container::clearLightweightDispatcherOnRemove (24 bytes)
Event: 41.197 Thread 0x00000000585f3800 nmethod 3680 0x00000000031af550 code [0x00000000031af700, 0x00000000031afba8]

GC Heap History (10 events):
Event: 2.388 GC heap before
{Heap before GC invocations=14 (full 1):
 PSYoungGen      total 23040K, used 1522K [0x00000000d5f00000, 0x00000000d8d00000, 0x0000000100000000)
  eden space 21504K, 0% used [0x00000000d5f00000,0x00000000d5f00000,0x00000000d7400000)
  from space 1536K, 99% used [0x00000000d7400000,0x00000000d757ca80,0x00000000d7580000)
  to   space 6144K, 0% used [0x00000000d8700000,0x00000000d8700000,0x00000000d8d00000)
 ParOldGen       total 129536K, used 15788K [0x0000000081c00000, 0x0000000089a80000, 0x00000000d5f00000)
  object space 129536K, 12% used [0x0000000081c00000,0x0000000082b6b138,0x0000000089a80000)
 Metaspace       used 20841K, capacity 21034K, committed 21248K, reserved 1067008K
  class space    used 2923K, capacity 2981K, committed 3072K, reserved 1048576K
Event: 2.416 GC heap after
Heap after GC invocations=14 (full 1):
 PSYoungGen      total 23040K, used 0K [0x00000000d5f00000, 0x00000000d8d00000, 0x0000000100000000)
  eden space 21504K, 0% used [0x00000000d5f00000,0x00000000d5f00000,0x00000000d7400000)
  from space 1536K, 0% used [0x00000000d7400000,0x00000000d7400000,0x00000000d7580000)
  to   space 6144K, 0% used [0x00000000d8700000,0x00000000d8700000,0x00000000d8d00000)
 ParOldGen       total 16384K, used 10019K [0x0000000081c00000, 0x0000000082c00000, 0x00000000d5f00000)
  object space 16384K, 61% used [0x0000000081c00000,0x00000000825c8c08,0x0000000082c00000)
 Metaspace       used 20841K, capacity 21034K, committed 21248K, reserved 1067008K
  class space    used 2923K, capacity 2981K, committed 3072K, reserved 1048576K
}
Event: 5.192 GC heap before
{Heap before GC invocations=15 (full 1):
 PSYoungGen      total 23040K, used 21504K [0x00000000d5f00000, 0x00000000d8d00000, 0x0000000100000000)
  eden space 21504K, 100% used [0x00000000d5f00000,0x00000000d7400000,0x00000000d7400000)
  from space 1536K, 0% used [0x00000000d7400000,0x00000000d7400000,0x00000000d7580000)
  to   space 6144K, 0% used [0x00000000d8700000,0x00000000d8700000,0x00000000d8d00000)
 ParOldGen       total 16384K, used 10019K [0x0000000081c00000, 0x0000000082c00000, 0x00000000d5f00000)
  object space 16384K, 61% used [0x0000000081c00000,0x00000000825c8c08,0x0000000082c00000)
 Metaspace       used 22114K, capacity 22378K, committed 22656K, reserved 1069056K
  class space    used 3025K, capacity 3109K, committed 3200K, reserved 1048576K
Event: 5.196 GC heap after
Heap after GC invocations=15 (full 1):
 PSYoungGen      total 36864K, used 3895K [0x00000000d5f00000, 0x00000000d8b80000, 0x0000000100000000)
  eden space 32256K, 0% used [0x00000000d5f00000,0x00000000d5f00000,0x00000000d7e80000)
  from space 4608K, 84% used [0x00000000d8700000,0x00000000d8acdcf0,0x00000000d8b80000)
  to   space 6656K, 0% used [0x00000000d7e80000,0x00000000d7e80000,0x00000000d8500000)
 ParOldGen       total 16384K, used 10027K [0x0000000081c00000, 0x0000000082c00000, 0x00000000d5f00000)
  object space 16384K, 61% used [0x0000000081c00000,0x00000000825cac08,0x0000000082c00000)
 Metaspace       used 22114K, capacity 22378K, committed 22656K, reserved 1069056K
  class space    used 3025K, capacity 3109K, committed 3200K, reserved 1048576K
}
Event: 21.337 GC heap before
{Heap before GC invocations=16 (full 1):
 PSYoungGen      total 36864K, used 36151K [0x00000000d5f00000, 0x00000000d8b80000, 0x0000000100000000)
  eden space 32256K, 100% used [0x00000000d5f00000,0x00000000d7e80000,0x00000000d7e80000)
  from space 4608K, 84% used [0x00000000d8700000,0x00000000d8acdcf0,0x00000000d8b80000)
  to   space 6656K, 0% used [0x00000000d7e80000,0x00000000d7e80000,0x00000000d8500000)
 ParOldGen       total 16384K, used 10027K [0x0000000081c00000, 0x0000000082c00000, 0x00000000d5f00000)
  object space 16384K, 61% used [0x0000000081c00000,0x00000000825cac08,0x0000000082c00000)
 Metaspace       used 22347K, capacity 22570K, committed 22912K, reserved 1069056K
  class space    used 3025K, capacity 3109K, committed 3200K, reserved 1048576K
Event: 21.340 GC heap after
Heap after GC invocations=16 (full 1):
 PSYoungGen      total 38912K, used 64K [0x00000000d5f00000, 0x00000000d9a00000, 0x0000000100000000)
  eden space 32256K, 0% used [0x00000000d5f00000,0x00000000d5f00000,0x00000000d7e80000)
  from space 6656K, 0% used [0x00000000d7e80000,0x00000000d7e90000,0x00000000d8500000)
  to   space 6656K, 0% used [0x00000000d9380000,0x00000000d9380000,0x00000000d9a00000)
 ParOldGen       total 16384K, used 13150K [0x0000000081c00000, 0x0000000082c00000, 0x00000000d5f00000)
  object space 16384K, 80% used [0x0000000081c00000,0x00000000828d7a88,0x0000000082c00000)
 Metaspace       used 22347K, capacity 22570K, committed 22912K, reserved 1069056K
  class space    used 3025K, capacity 3109K, committed 3200K, reserved 1048576K
}
Event: 21.340 GC heap before
{Heap before GC invocations=17 (full 2):
 PSYoungGen      total 38912K, used 64K [0x00000000d5f00000, 0x00000000d9a00000, 0x0000000100000000)
  eden space 32256K, 0% used [0x00000000d5f00000,0x00000000d5f00000,0x00000000d7e80000)
  from space 6656K, 0% used [0x00000000d7e80000,0x00000000d7e90000,0x00000000d8500000)
  to   space 6656K, 0% used [0x00000000d9380000,0x00000000d9380000,0x00000000d9a00000)
 ParOldGen       total 16384K, used 13150K [0x0000000081c00000, 0x0000000082c00000, 0x00000000d5f00000)
  object space 16384K, 80% used [0x0000000081c00000,0x00000000828d7a88,0x0000000082c00000)
 Metaspace       used 22347K, capacity 22570K, committed 22912K, reserved 1069056K
  class space    used 3025K, capacity 3109K, committed 3200K, reserved 1048576K
Event: 21.443 GC heap after
Heap after GC invocations=17 (full 2):
 PSYoungGen      total 38912K, used 0K [0x00000000d5f00000, 0x00000000d9a00000, 0x0000000100000000)
  eden space 32256K, 0% used [0x00000000d5f00000,0x00000000d5f00000,0x00000000d7e80000)
  from space 6656K, 0% used [0x00000000d7e80000,0x00000000d7e80000,0x00000000d8500000)
  to   space 6656K, 0% used [0x00000000d9380000,0x00000000d9380000,0x00000000d9a00000)
 ParOldGen       total 19456K, used 12482K [0x0000000081c00000, 0x0000000082f00000, 0x00000000d5f00000)
  object space 19456K, 64% used [0x0000000081c00000,0x0000000082830958,0x0000000082f00000)
 Metaspace       used 22347K, capacity 22570K, committed 22912K, reserved 1069056K
  class space    used 3025K, capacity 3109K, committed 3200K, reserved 1048576K
}
Event: 39.296 GC heap before
{Heap before GC invocations=18 (full 2):
 PSYoungGen      total 38912K, used 32256K [0x00000000d5f00000, 0x00000000d9a00000, 0x0000000100000000)
  eden space 32256K, 100% used [0x00000000d5f00000,0x00000000d7e80000,0x00000000d7e80000)
  from space 6656K, 0% used [0x00000000d7e80000,0x00000000d7e80000,0x00000000d8500000)
  to   space 6656K, 0% used [0x00000000d9380000,0x00000000d9380000,0x00000000d9a00000)
 ParOldGen       total 19456K, used 12482K [0x0000000081c00000, 0x0000000082f00000, 0x00000000d5f00000)
  object space 19456K, 64% used [0x0000000081c00000,0x0000000082830958,0x0000000082f00000)
 Metaspace       used 22640K, capacity 22858K, committed 23168K, reserved 1069056K
  class space    used 3040K, capacity 3141K, committed 3200K, reserved 1048576K
Event: 39.297 GC heap after
Heap after GC invocations=18 (full 2):
 PSYoungGen      total 53760K, used 128K [0x00000000d5f00000, 0x00000000d9a00000, 0x0000000100000000)
  eden space 47104K, 0% used [0x00000000d5f00000,0x00000000d5f00000,0x00000000d8d00000)
  from space 6656K, 1% used [0x00000000d9380000,0x00000000d93a0000,0x00000000d9a00000)
  to   space 6656K, 0% used [0x00000000d8d00000,0x00000000d8d00000,0x00000000d9380000)
 ParOldGen       total 19456K, used 12490K [0x0000000081c00000, 0x0000000082f00000, 0x00000000d5f00000)
  object space 19456K, 64% used [0x0000000081c00000,0x0000000082832958,0x0000000082f00000)
 Metaspace       used 22640K, capacity 22858K, committed 23168K, reserved 1069056K
  class space    used 3040K, capacity 3141K, committed 3200K, reserved 1048576K
}

Deoptimization events (10 events):
Event: 3.329 Thread 0x000000005a358800 Uncommon trap: reason=class_check action=maybe_recompile pc=0x0000000002aeda90 method=java.util.Arrays.binarySearch0([Ljava/lang/Object;IILjava/lang/Object;Ljava/util/Comparator;)I @ 48
Event: 21.444 Thread 0x000000005a5fd800 Uncommon trap: reason=null_check action=none pc=0x0000000002fd82b0 method=sun.java2d.pipe.SolidTextRenderer.drawGlyphList(Lsun/java2d/SunGraphics2D;Lsun/font/GlyphList;)V @ 4
Event: 22.715 Thread 0x0000000058913800 Uncommon trap: reason=class_check action=maybe_recompile pc=0x000000000302ca58 method=sun.java2d.pipe.ValidatePipe.fillRect(Lsun/java2d/SunGraphics2D;IIII)V @ 19
Event: 22.715 Thread 0x0000000058913800 Uncommon trap: reason=class_check action=maybe_recompile pc=0x000000000302ca58 method=sun.java2d.pipe.ValidatePipe.fillRect(Lsun/java2d/SunGraphics2D;IIII)V @ 19
Event: 22.715 Thread 0x0000000058913800 Uncommon trap: reason=class_check action=maybe_recompile pc=0x000000000302ca58 method=sun.java2d.pipe.ValidatePipe.fillRect(Lsun/java2d/SunGraphics2D;IIII)V @ 19
Event: 22.717 Thread 0x0000000058913800 Uncommon trap: reason=class_check action=maybe_recompile pc=0x000000000302ca58 method=sun.java2d.pipe.ValidatePipe.fillRect(Lsun/java2d/SunGraphics2D;IIII)V @ 19
Event: 39.937 Thread 0x0000000058913800 Uncommon trap: reason=null_check action=make_not_entrant pc=0x0000000002bc6a08 method=java.awt.Component.isLightweight()Z @ 4
Event: 39.942 Thread 0x0000000058913800 Uncommon trap: reason=unreached action=reinterpret pc=0x00000000030fd318 method=javax.swing.JComponent.paint(Ljava/awt/Graphics;)V @ 140
Event: 39.942 Thread 0x0000000058913800 Uncommon trap: reason=unreached action=reinterpret pc=0x0000000003104270 method=javax.swing.JComponent.paintComponent(Ljava/awt/Graphics;)V @ 4
Event: 39.996 Thread 0x0000000058913800 Uncommon trap: reason=unreached action=reinterpret pc=0x0000000003130838 method=javax.swing.JComponent.paintChildren(Ljava/awt/Graphics;)V @ 29

Internal exceptions (10 events):
Event: 1.457 Thread 0x0000000001fcf000 Exception <a 'java/security/PrivilegedActionException'> (0x00000000d6491f48) thrown at [C:\re\workspace\8-2-build-windows-amd64-cygwin\jdk8u11\648\hotspot\src\share\vm\prims\jvm.cpp, line 1248]
Event: 1.458 Thread 0x0000000001fcf000 Exception <a 'java/lang/NullPointerException'> (0x00000000d64959e0) thrown at [C:\re\workspace\8-2-build-windows-amd64-cygwin\jdk8u11\648\hotspot\src\share\vm\interpreter\linkResolver.cpp, line 1169]
Event: 1.478 Thread 0x0000000001fcf000 Exception <a 'java/security/PrivilegedActionException'> (0x00000000d649de68) thrown at [C:\re\workspace\8-2-build-windows-amd64-cygwin\jdk8u11\648\hotspot\src\share\vm\prims\jvm.cpp, line 1248]
Event: 1.484 Thread 0x0000000001fcf000 Exception <a 'java/lang/NoSuchMethodError': <clinit>> (0x00000000d64a78c8) thrown at [C:\re\workspace\8-2-build-windows-amd64-cygwin\jdk8u11\648\hotspot\src\share\vm\prims\jni.cpp, line 1599]
Event: 1.504 Thread 0x0000000001fcf000 Exception <a 'java/lang/NoSuchMethodError': <clinit>> (0x00000000d68e0f40) thrown at [C:\re\workspace\8-2-build-windows-amd64-cygwin\jdk8u11\648\hotspot\src\share\vm\prims\jni.cpp, line 1599]
Event: 2.376 Thread 0x000000005a8c3000 Exception <a 'java/security/PrivilegedActionException'> (0x00000000d70aac98) thrown at [C:\re\workspace\8-2-build-windows-amd64-cygwin\jdk8u11\648\hotspot\src\share\vm\prims\jvm.cpp, line 1248]
Event: 39.937 Thread 0x0000000058913800 Implicit null exception at 0x0000000002bc69a0 to 0x0000000002bc69fa
Event: 41.199 Thread 0x000000005bd20800 Exception <a 'java/net/SocketException': socket closed> (0x00000000d6435460) thrown at [C:\re\workspace\8-2-build-windows-amd64-cygwin\jdk8u11\648\hotspot\src\share\vm\prims\jni.cpp, line 742]
Event: 41.199 Thread 0x0000000058913800 JVM_StopThread thread JavaThread 0x000000005bd20800 as oop 0x00000000824284e8 [exception 0x000000005affcba0]
Event: 41.199 Thread 0x000000005bd20800 Exception <a 'java/lang/ThreadDeath'> (0x00000000d642a998) thrown at [C:\re\workspace\8-2-build-windows-amd64-cygwin\jdk8u11\648\hotspot\src\share\vm\prims\jni.cpp, line 716]

Events (10 events):
Event: 41.198 loading class javax/swing/plaf/basic/BasicPopupMenuUI$MouseGrabber$2 done
Event: 41.198 Executing VM operation: GetOrSetLocal
Event: 41.198 Executing VM operation: GetOrSetLocal done
Event: 41.199 Executing VM operation: EnterInterpOnlyMode
Event: 41.199 Executing nested VM operation: Deoptimize
Event: 41.199 Executing nested VM operation: Deoptimize done
Event: 41.199 Executing VM operation: EnterInterpOnlyMode done
Event: 41.199 Executing VM operation: ThreadStop
Event: 41.199 Executing VM operation: ThreadStop done
Event: 41.199 Executing VM operation: GetOrSetLocal


Dynamic libraries:
0x000000013ff80000 - 0x000000013ffb4000 	C:\Program Files\Java\jdk1.8.0_11\bin\java.exe
0x00000000772b0000 - 0x0000000077459000 	C:\Windows\SYSTEM32\ntdll.dll
0x0000000077190000 - 0x00000000772af000 	C:\Windows\system32\kernel32.dll
0x000007fefd0f0000 - 0x000007fefd15c000 	C:\Windows\system32\KERNELBASE.dll
0x000007fefe0d0000 - 0x000007fefe1ab000 	C:\Windows\system32\ADVAPI32.dll
0x000007fefd910000 - 0x000007fefd9af000 	C:\Windows\system32\msvcrt.dll
0x000007feff5a0000 - 0x000007feff5bf000 	C:\Windows\SYSTEM32\sechost.dll
0x000007fefd7e0000 - 0x000007fefd90d000 	C:\Windows\system32\RPCRT4.dll
0x0000000077090000 - 0x000000007718a000 	C:\Windows\system32\USER32.dll
0x000007feff530000 - 0x000007feff597000 	C:\Windows\system32\GDI32.dll
0x000007fefde10000 - 0x000007fefde1e000 	C:\Windows\system32\LPK.dll
0x000007fefe3a0000 - 0x000007fefe469000 	C:\Windows\system32\USP10.dll
0x000007fefc1f0000 - 0x000007fefc3e4000 	C:\Windows\WinSxS\amd64_microsoft.windows.common-controls_6595b64144ccf1df_6.0.7601.17514_none_fa396087175ac9ac\COMCTL32.dll
0x000007fefdee0000 - 0x000007fefdf51000 	C:\Windows\system32\SHLWAPI.dll
0x000007fefe720000 - 0x000007fefe74e000 	C:\Windows\system32\IMM32.DLL
0x000007fefdfc0000 - 0x000007fefe0c9000 	C:\Windows\system32\MSCTF.dll
0x0000000074e40000 - 0x0000000074e78000 	C:\PROGRA~2\Sophos\SOPHOS~1\SOPHOS~2.DLL
0x0000000077480000 - 0x0000000077487000 	C:\Windows\system32\PSAPI.DLL
0x000000005f480000 - 0x000000005f552000 	C:\Program Files\Java\jdk1.8.0_11\jre\bin\msvcr100.dll
0x00000000598d0000 - 0x000000005a0fa000 	C:\Program Files\Java\jdk1.8.0_11\jre\bin\server\jvm.dll
0x000007fef92b0000 - 0x000007fef92b9000 	C:\Windows\system32\WSOCK32.dll
0x000007feff4e0000 - 0x000007feff52d000 	C:\Windows\system32\WS2_32.dll
0x000007fefe390000 - 0x000007fefe398000 	C:\Windows\system32\NSI.dll
0x000007fefaf90000 - 0x000007fefafcb000 	C:\Windows\system32\WINMM.dll
0x0000000074d10000 - 0x0000000074d1f000 	C:\Program Files\Java\jdk1.8.0_11\jre\bin\verify.dll
0x0000000074a60000 - 0x0000000074a88000 	C:\Program Files\Java\jdk1.8.0_11\jre\bin\java.dll
0x000000005ea10000 - 0x000000005ea45000 	C:\Program Files\Java\jdk1.8.0_11\jre\bin\jdwp.dll
0x00000000687b0000 - 0x00000000687b8000 	C:\Program Files\Java\jdk1.8.0_11\jre\bin\npt.dll
0x0000000074a40000 - 0x0000000074a56000 	C:\Program Files\Java\jdk1.8.0_11\jre\bin\zip.dll
0x000007fefe750000 - 0x000007feff4d8000 	C:\Windows\system32\SHELL32.dll
0x000007fefda90000 - 0x000007fefdc93000 	C:\Windows\system32\ole32.dll
0x000007fefd0d0000 - 0x000007fefd0df000 	C:\Windows\system32\profapi.dll
0x0000000074b20000 - 0x0000000074b2b000 	C:\Program Files\Java\jdk1.8.0_11\jre\bin\dt_shmem.dll
0x000000005f2e0000 - 0x000000005f476000 	C:\Program Files\Java\jdk1.8.0_11\jre\bin\awt.dll
0x000007fefd9b0000 - 0x000007fefda87000 	C:\Windows\system32\OLEAUT32.dll
0x000007fefb2a0000 - 0x000007fefb2b8000 	C:\Windows\system32\DWMAPI.DLL
0x000007fefb6d0000 - 0x000007fefb726000 	C:\Windows\system32\uxtheme.dll
0x000007fefcf20000 - 0x000007fefcf2f000 	C:\Windows\system32\CRYPTBASE.dll
0x000000006e710000 - 0x000000006e757000 	C:\Program Files\Java\jdk1.8.0_11\jre\bin\fontmanager.dll
0x0000000074a20000 - 0x0000000074a3a000 	C:\Program Files\Java\jdk1.8.0_11\jre\bin\net.dll
0x000007fefbcd0000 - 0x000007fefbcfd000 	C:\ProgramData\Sophos\Web Intelligence\swi_ifslsp_64.dll
0x000007fefbf60000 - 0x000007fefbf6c000 	C:\Windows\system32\VERSION.dll
0x000007fefc860000 - 0x000007fefc8b5000 	C:\Windows\system32\mswsock.dll
0x000007fefc850000 - 0x000007fefc857000 	C:\Windows\System32\wship6.dll
0x0000000074a00000 - 0x0000000074a11000 	C:\Program Files\Java\jdk1.8.0_11\jre\bin\nio.dll
0x000000006e6c0000 - 0x000000006e701000 	C:\Program Files\Java\jdk1.8.0_11\jre\bin\t2k.dll
0x000000005e8b0000 - 0x000000005e8db000 	C:\Program Files\Java\jdk1.8.0_11\jre\bin\prism_d3d.dll
0x000007fecd4e0000 - 0x000007fecd6df000 	C:\Windows\system32\d3d9.dll
0x000007fefabe0000 - 0x000007fefabe7000 	C:\Windows\system32\d3d8thk.dll
0x000007fecb730000 - 0x000007fecc34f000 	C:\Windows\system32\igdumd64.dll
0x000000005e870000 - 0x000000005e8af000 	C:\Program Files\Java\jdk1.8.0_11\jre\bin\glass.dll
0x000007fefd740000 - 0x000007fefd7d7000 	C:\Windows\system32\COMDLG32.dll
0x000007fefde40000 - 0x000007fefded9000 	C:\Windows\system32\CLBCatQ.DLL
0x000007fefaa00000 - 0x000007fefab61000 	C:\Windows\system32\WindowsCodecs.dll
0x000007fefcec0000 - 0x000007fefcf17000 	C:\Windows\system32\apphelp.dll
0x000007fef69b0000 - 0x000007fef69ec000 	C:\Users\dernehl\AppData\Local\Microsoft\SkyDrive\16.4.6013.0910\amd64\SkyDriveShell64.dll
0x000007fef67e0000 - 0x000007fef6887000 	C:\Users\dernehl\AppData\Local\Microsoft\SkyDrive\16.4.6013.0910\amd64\MSVCP110.dll
0x000007fef6620000 - 0x000007fef66ee000 	C:\Users\dernehl\AppData\Local\Microsoft\SkyDrive\16.4.6013.0910\amd64\MSVCR110.dll
0x000007fefd500000 - 0x000007fefd731000 	C:\Windows\system32\WININET.dll
0x000007fefd160000 - 0x000007fefd164000 	C:\Windows\system32\api-ms-win-downlevel-user32-l1-1-0.dll
0x000007fefd3d0000 - 0x000007fefd3d4000 	C:\Windows\system32\api-ms-win-downlevel-shlwapi-l1-1-0.dll
0x000007fefd180000 - 0x000007fefd184000 	C:\Windows\system32\api-ms-win-downlevel-version-l1-1-0.dll
0x000007fefd1d0000 - 0x000007fefd1d3000 	C:\Windows\system32\api-ms-win-downlevel-normaliz-l1-1-0.dll
0x0000000077470000 - 0x0000000077473000 	C:\Windows\system32\normaliz.DLL
0x000007fefe470000 - 0x000007fefe71b000 	C:\Windows\system32\iertutil.dll
0x000007fefd170000 - 0x000007fefd175000 	C:\Windows\system32\api-ms-win-downlevel-advapi32-l1-1-0.dll
0x000007fefd390000 - 0x000007fefd3ae000 	C:\Windows\system32\USERENV.dll
0x000000006e590000 - 0x000000006e5a6000 	C:\Program Files\Common Files\TortoiseOverlays\TortoiseOverlays.dll
0x000000006e580000 - 0x000000006e590000 	C:\Program Files\TortoiseSVN\bin\TortoiseStub.dll
0x000000006e500000 - 0x000000006e57b000 	C:\Program Files\TortoiseSVN\bin\TortoiseSVN.dll
0x000007fef6180000 - 0x000007fef654e000 	C:\Program Files\TortoiseSVN\bin\libsvn_tsvn.dll
0x000000006e4c0000 - 0x000000006e4eb000 	C:\Program Files\TortoiseSVN\bin\libapr_tsvn.dll
0x000000006e430000 - 0x000000006e471000 	C:\Program Files\TortoiseSVN\bin\libaprutil_tsvn.dll
0x000007fefdf60000 - 0x000007fefdfb2000 	C:\Windows\system32\WLDAP32.dll
0x000007fef5f90000 - 0x000007fef5fa0000 	C:\Program Files\TortoiseSVN\bin\intl3_tsvn.dll
0x000007fef5f70000 - 0x000007fef5f8a000 	C:\Program Files\TortoiseSVN\bin\libsasl.dll
0x000007fefccc0000 - 0x000007fefcccb000 	C:\Windows\system32\Secur32.dll
0x000007fefce90000 - 0x000007fefceb5000 	C:\Windows\system32\SSPICLI.DLL
0x000007fefd220000 - 0x000007fefd38c000 	C:\Windows\system32\CRYPT32.dll
0x000007fefd0c0000 - 0x000007fefd0cf000 	C:\Windows\system32\MSASN1.dll
0x000000006ea80000 - 0x000000006eb18000 	C:\Windows\system32\MSVCP100.dll
0x000007fef5f30000 - 0x000007fef5f65000 	C:\Windows\system32\EhStorShell.dll
0x000007fefe1b0000 - 0x000007fefe387000 	C:\Windows\system32\SETUPAPI.dll
0x000007fefd1e0000 - 0x000007fefd216000 	C:\Windows\system32\CFGMGR32.dll
0x000007fefd3b0000 - 0x000007fefd3ca000 	C:\Windows\system32\DEVOBJ.dll
0x000007fefb300000 - 0x000007fefb42c000 	C:\Windows\system32\PROPSYS.dll
0x000007fef4b70000 - 0x000007fef51df000 	C:\PROGRA~1\MICROS~1\Office14\GROOVEEX.DLL
0x000000006e370000 - 0x000000006e413000 	C:\Windows\WinSxS\amd64_microsoft.vc90.crt_1fc8b3b9a1e18e3b_9.0.30729.6161_none_08e61857a83bc251\MSVCR90.dll
0x000000006e290000 - 0x000000006e363000 	C:\Windows\WinSxS\amd64_microsoft.vc90.crt_1fc8b3b9a1e18e3b_9.0.30729.6161_none_08e61857a83bc251\MSVCP90.dll
0x000000006e260000 - 0x000000006e28f000 	C:\Windows\WinSxS\amd64_microsoft.vc90.atl_1fc8b3b9a1e18e3b_9.0.30729.6161_none_0a1fd3a3a768b895\ATL90.DLL
0x000007fef4750000 - 0x000007fef4b6a000 	C:\PROGRA~1\COMMON~1\MICROS~1\OFFICE14\Cultures\office.odf
0x000007fef3ec0000 - 0x000007fef474b000 	C:\PROGRA~1\MICROS~1\Office14\1031\GrooveIntlResource.dll
0x0000000001fd0000 - 0x0000000001fe3000 	C:\Program Files\Java\jdk1.8.0_11\jre\bin\javafx_font.dll
0x000007fed7b10000 - 0x000007fed7ca6000 	C:\Windows\system32\dwrite.dll
0x000000006e690000 - 0x000000006e6ba000 	C:\Program Files\Java\jdk1.8.0_11\jre\bin\dcpr.dll
0x0000000058e30000 - 0x0000000058e41000 	C:\Program Files\Java\jdk1.8.0_11\jre\bin\prism_common.dll
0x000007fed5880000 - 0x000007fed5c44000 	C:\Windows\system32\d2d1.dll
0x000007fef6c30000 - 0x000007fef6e05000 	C:\Windows\system32\d3d11.dll
0x000007fef7260000 - 0x000007fef72bd000 	C:\Windows\system32\dxgi.dll
0x000007fed5600000 - 0x000007fed5879000 	C:\Windows\system32\D3D10Warp.dll
0x000007fef6a90000 - 0x000007fef6ab4000 	C:\Windows\system32\DXGIDebug.dll
0x000007fefd190000 - 0x000007fefd1ca000 	C:\Windows\system32\WINTRUST.dll
0x000007fef7720000 - 0x000007fef7845000 	C:\Windows\system32\dbghelp.dll

VM Arguments:
jvm_args: -Xdebug -Xrunjdwp:transport=dt_shmem,address=javadebug -Dfile.encoding=UTF-8 
java_command: gui.app.FrameApp
java_class_path (initial): C:\Users\dernehl\Documents\UMN\uav\trunk\GroundStation\OpenUGS\lib\jmatio.jar;C:\Users\dernehl\Documents\UMN\uav\trunk\GroundStation\64 bit java files\RXTXcomm.jar;C:\Users\dernehl\Documents\UMN\uav\trunk\GroundStation\OpenUGS\lib\worldwind\comm.jar;C:\Users\dernehl\Documents\UMN\uav\trunk\GroundStation\OpenUGS\lib\worldwind\gluegen-rt.jar;C:\Users\dernehl\Documents\UMN\uav\trunk\GroundStation\OpenUGS\lib\worldwind\jogl.jar;C:\Users\dernehl\Documents\UMN\uav\trunk\GroundStation\OpenUGS\lib\worldwind\worldwind.jar;C:\Users\dernehl\Documents\UMN\uav\trunk\GroundStation\OpenUGS\build\classes;C:\Users\dernehl\Documents\UMN\uav\trunk\GroundStation\OpenUGS\lib
Launcher Type: SUN_STANDARD

Environment Variables:
PATH=C:\Perl64\site\bin;C:\Perl64\bin;C:\Program Files\Common Files\Microsoft Shared\Windows Live;C:\Program Files (x86)\Common Files\Microsoft Shared\Windows Live;C:\Windows\system32;C:\Windows;C:\Windows\System32\Wbem;C:\Windows\System32\WindowsPowerShell\v1.0\;C:\Program Files\TortoiseSVN\bin;C:\Program Files\Intel\WiFi\bin\;C:\Program Files\Common Files\Intel\WirelessCommon\;C:\Program Files (x86)\Intel\Services\IPT\;C:\Program Files\doxygen\bin;C:\Program Files (x86)\Graphviz 2.28\bin;c:\Program Files (x86)\Microsoft SQL Server\100\Tools\Binn\;c:\Program Files\Microsoft SQL Server\100\Tools\Binn\;c:\Program Files\Microsoft SQL Server\100\DTS\Binn\;C:\Program Files (x86)\MiKTeX 2.9\miktex\bin\;C:\Program Files\Microsoft Windows Performance Toolkit\;C:\Program Files (x86)\Windows Live\Shared;C:\Program Files (x86)\CMake 2.8\bin;C:\Program Files (x86)\GNU\GnuPG\pub;C:\Python27;C:\Python27\DLLs;C:\Users\dernehl\Downloads\z3_64\bin;C:\Program Files (x86)\QuickTime\QTSystem\;C:\Program Files (x86)\Windows Kits\8.1\Windows Performance Toolkit\;C:\Program Files\Microsoft SQL Server\110\Tools\Bin\;C:\Program Files (x86)\Intel\OpenCL SDK\2.0\bin\x86;C:\Program Files (x86)\Intel\OpenCL SDK\2.0\bin\x64;C:\Program Files\MATLAB\R2014a\runtime\win64;C:\Program Files\MATLAB\R2014a\bin;C:\Program Files\MATLAB\R2014a\bin\win64;C:\Program Files\MATLAB\R2013b\runtime\win64;C:\Program Files\MATLAB\R2013b\bin;C:\Program Files\Google\Google Apps Sync\;C:\Program Files\Google\Google Apps Migration\;C:\Program Files\Intel\WiFi\bin\;C:\Program Files\Common Files\Intel\WirelessCommon\;C:\MinGW\bin;C:\msys\1.0\bin;
USERNAME=dernehl
OS=Windows_NT
PROCESSOR_IDENTIFIER=Intel64 Family 6 Model 42 Stepping 7, GenuineIntel



---------------  S Y S T E M  ---------------

OS: Windows 7 , 64 bit Build 7601 Service Pack 1

CPU:total 4 (2 cores per cpu, 2 threads per core) family 6 model 42 stepping 7, cmov, cx8, fxsr, mmx, sse, sse2, sse3, ssse3, sse4.1, sse4.2, popcnt, avx, aes, clmul, ht, tsc, tscinvbit

Memory: 4k page, physical 8269040k(2631292k free), swap 16536216k(10965780k free)

vm_info: Java HotSpot(TM) 64-Bit Server VM (25.11-b03) for windows-amd64 JRE (1.8.0_11-b12), built on Jun 16 2014 20:57:32 by "java_re" with MS VC++ 10.0 (VS2010)

time: Tue Aug 26 15:15:22 2014
elapsed time: 41 seconds

